<?xml version="1.0" encoding="utf-8"?>
<coverage line-rate="1" branch-rate="1" version="1.9" timestamp="1779288532" lines-covered="14" lines-valid="14" branches-covered="34" branches-valid="34">
  <sources />
  <packages>
    <package name="Novalist.Sdk" line-rate="1" branch-rate="1" complexity="38">
      <classes>
        <class name="Novalist.Sdk.Models.HotkeyDescriptor" filename="E:/git/novalist-official/Novalist.Sdk/Models/HotkeyDescriptor.cs" line-rate="1" branch-rate="1" complexity="8">
          <methods>
            <method name="get_EffectiveDisplayName" signature="()" line-rate="1" branch-rate="1" complexity="4">
              <lines>
                <line number="28" hits="3" branch="True" condition-coverage="100% (4/4)">
                  <conditions>
                    <condition number="7" type="jump" coverage="100%" />
                    <condition number="19" type="jump" coverage="100%" />
                  </conditions>
                </line>
              </lines>
            </method>
            <method name="get_EffectiveCategory" signature="()" line-rate="1" branch-rate="1" complexity="4">
              <lines>
                <line number="37" hits="3" branch="True" condition-coverage="100% (4/4)">
                  <conditions>
                    <condition number="7" type="jump" coverage="100%" />
                    <condition number="19" type="jump" coverage="100%" />
                  </conditions>
                </line>
              </lines>
            </method>
          </methods>
          <lines>
            <line number="28" hits="3" branch="True" condition-coverage="100% (4/4)">
              <conditions>
                <condition number="7" type="jump" coverage="100%" />
                <condition number="19" type="jump" coverage="100%" />
              </conditions>
            </line>
            <line number="37" hits="3" branch="True" condition-coverage="100% (4/4)">
              <conditions>
                <condition number="7" type="jump" coverage="100%" />
                <condition number="19" type="jump" coverage="100%" />
              </conditions>
            </line>
          </lines>
        </class>
        <class name="Novalist.Sdk.Models.StatusBarItem" filename="E:/git/novalist-official/Novalist.Sdk/Models/StatusBarItem.cs" line-rate="1" branch-rate="1" complexity="1">
          <methods>
            <method name=".ctor" signature="()" line-rate="1" branch-rate="1" complexity="1">
              <lines>
                <line number="18" hits="2" branch="False" />
              </lines>
            </method>
          </methods>
          <lines>
            <line number="18" hits="2" branch="False" />
          </lines>
        </class>
        <class name="Novalist.Sdk.Models.Wizards.WizardResult" filename="E:/git/novalist-official/Novalist.Sdk/Models/Wizards/WizardResult.cs" line-rate="1" branch-rate="1" complexity="17">
          <methods>
            <method name="GetText" signature="(System.String)" line-rate="1" branch-rate="1" complexity="4">
              <lines>
                <line number="23" hits="4" branch="True" condition-coverage="100% (4/4)">
                  <conditions>
                    <condition number="14" type="jump" coverage="100%" />
                    <condition number="30" type="jump" coverage="100%" />
                  </conditions>
                </line>
              </lines>
            </method>
            <method name="GetNumber" signature="(System.String,System.Int32)" line-rate="1" branch-rate="1" complexity="4">
              <lines>
                <line number="26" hits="3" branch="True" condition-coverage="100% (4/4)">
                  <conditions>
                    <condition number="14" type="jump" coverage="100%" />
                    <condition number="30" type="jump" coverage="100%" />
                  </conditions>
                </line>
              </lines>
            </method>
            <method name="GetMulti" signature="(System.String)" line-rate="1" branch-rate="1" complexity="4">
              <lines>
                <line number="29" hits="3" branch="True" condition-coverage="100% (4/4)">
                  <conditions>
                    <condition number="14" type="jump" coverage="100%" />
                    <condition number="30" type="jump" coverage="100%" />
                  </conditions>
                </line>
              </lines>
            </method>
            <method name="GetList" signature="(System.String)" line-rate="1" branch-rate="1" complexity="4">
              <lines>
                <line number="32" hits="3" branch="True" condition-coverage="100% (4/4)">
                  <conditions>
                    <condition number="14" type="jump" coverage="100%" />
                    <condition number="30" type="jump" coverage="100%" />
                  </conditions>
                </line>
              </lines>
            </method>
            <method name=".ctor" signature="()" line-rate="1" branch-rate="1" complexity="1">
              <lines>
                <line number="14" hits="14" branch="False" />
              </lines>
            </method>
          </methods>
          <lines>
            <line number="23" hits="4" branch="True" condition-coverage="100% (4/4)">
              <conditions>
                <condition number="14" type="jump" coverage="100%" />
                <condition number="30" type="jump" coverage="100%" />
              </conditions>
            </line>
            <line number="26" hits="3" branch="True" condition-coverage="100% (4/4)">
              <conditions>
                <condition number="14" type="jump" coverage="100%" />
                <condition number="30" type="jump" coverage="100%" />
              </conditions>
            </line>
            <line number="29" hits="3" branch="True" condition-coverage="100% (4/4)">
              <conditions>
                <condition number="14" type="jump" coverage="100%" />
                <condition number="30" type="jump" coverage="100%" />
              </conditions>
            </line>
            <line number="32" hits="3" branch="True" condition-coverage="100% (4/4)">
              <conditions>
                <condition number="14" type="jump" coverage="100%" />
                <condition number="30" type="jump" coverage="100%" />
              </conditions>
            </line>
            <line number="14" hits="14" branch="False" />
          </lines>
        </class>
        <class name="Novalist.Sdk.Models.Wizards.WizardAnswer" filename="E:/git/novalist-official/Novalist.Sdk/Models/Wizards/WizardResult.cs" line-rate="1" branch-rate="1" complexity="10">
          <methods>
            <method name="get_IsEmpty" signature="()" line-rate="1" branch-rate="1" complexity="10">
              <lines>
                <line number="55" hits="7" branch="True" condition-coverage="100% (10/10)">
                  <conditions>
                    <condition number="11" type="jump" coverage="100%" />
                    <condition number="27" type="jump" coverage="100%" />
                    <condition number="35" type="jump" coverage="100%" />
                    <condition number="48" type="jump" coverage="100%" />
                    <condition number="56" type="jump" coverage="100%" />
                  </conditions>
                </line>
                <line number="56" hits="7" branch="False" />
                <line number="57" hits="7" branch="False" />
                <line number="58" hits="7" branch="False" />
              </lines>
            </method>
          </methods>
          <lines>
            <line number="55" hits="7" branch="True" condition-coverage="100% (10/10)">
              <conditions>
                <condition number="11" type="jump" coverage="100%" />
                <condition number="27" type="jump" coverage="100%" />
                <condition number="35" type="jump" coverage="100%" />
                <condition number="48" type="jump" coverage="100%" />
                <condition number="56" type="jump" coverage="100%" />
              </conditions>
            </line>
            <line number="56" hits="7" branch="False" />
            <line number="57" hits="7" branch="False" />
            <line number="58" hits="7" branch="False" />
          </lines>
        </class>
        <class name="Novalist.Sdk.Hooks.IAiHook" filename="E:/git/novalist-official/Novalist.Sdk/Hooks/IAiHook.cs" line-rate="1" branch-rate="1" complexity="1">
          <methods>
            <method name="OnResponseChunk" signature="(System.String)" line-rate="1" branch-rate="1" complexity="1">
              <lines>
                <line number="21" hits="1" branch="False" />
              </lines>
            </method>
          </methods>
          <lines>
            <line number="21" hits="1" branch="False" />
          </lines>
        </class>
        <class name="Novalist.Sdk.Hooks.IEditorExtension" filename="E:/git/novalist-official/Novalist.Sdk/Hooks/IEditorExtension.cs" line-rate="1" branch-rate="1" complexity="1">
          <methods>
            <method name="get_Priority" signature="()" line-rate="1" branch-rate="1" complexity="1">
              <lines>
                <line number="13" hits="1" branch="False" />
              </lines>
            </method>
          </methods>
          <lines>
            <line number="13" hits="1" branch="False" />
          </lines>
        </class>
      </classes>
    </package>
  </packages>
</coverage>