TN:
SF:E:/git/novalist-official/Novalist.Core/Models/AppSettings.cs
FN:150,EnsureDefaults()
FN:158,GetKnownInverseRoles(System.String)
FN:168,LearnRelationshipPair(System.String,System.String)
FN:183,AddRelationshipPair(System.String,System.String)
FN:97,.ctor()
FNDA:0,EnsureDefaults()
FNDA:0,GetKnownInverseRoles(System.String)
FNDA:0,LearnRelationshipPair(System.String,System.String)
FNDA:0,AddRelationshipPair(System.String,System.String)
FNDA:55,.ctor()
FNF:5
FNH:1
BRDA:151,151,0,-
BRDA:151,151,1,-
BRDA:159,159,2,-
BRDA:159,159,3,-
BRDA:162,162,4,-
BRDA:162,162,5,-
BRDA:169,169,6,-
BRDA:169,169,7,-
BRDA:169,169,8,-
BRDA:169,169,9,-
BRDA:184,184,10,-
BRDA:184,184,11,-
BRDA:190,190,12,-
BRDA:190,190,13,-
BRF:14
BRH:0
DA:97,55
DA:104,55
DA:107,55
DA:115,55
DA:150,0
DA:151,0
DA:152,0
DA:153,0
DA:154,0
DA:155,0
DA:158,0
DA:159,0
DA:160,0
DA:162,0
DA:163,0
DA:164,0
DA:165,0
DA:168,0
DA:169,0
DA:170,0
DA:172,0
DA:173,0
DA:174,0
DA:176,0
DA:177,0
DA:179,0
DA:180,0
DA:183,0
DA:184,0
DA:185,0
DA:186,0
DA:187,0
DA:188,0
DA:190,0
DA:191,0
DA:193,0
DA:194,0
DA:195,0
DA:196,0
LH:4
LF:39
end_of_record
SF:E:/git/novalist-official/Novalist.Core/Models/AppSettings.cs
FN:285,get_AvailableLanguages()
FN:288,GetPreset(System.String)
FN:231,.cctor()
FNDA:0,get_AvailableLanguages()
FNDA:0,GetPreset(System.String)
FNDA:0,.cctor()
FNF:3
FNH:0
BRDA:289,289,14,-
BRDA:289,289,15,-
BRF:2
BRH:0
DA:231,0
DA:232,0
DA:233,0
DA:234,0
DA:235,0
DA:237,0
DA:238,0
DA:239,0
DA:240,0
DA:241,0
DA:242,0
DA:243,0
DA:244,0
DA:245,0
DA:246,0
DA:247,0
DA:248,0
DA:249,0
DA:250,0
DA:251,0
DA:252,0
DA:253,0
DA:254,0
DA:255,0
DA:256,0
DA:257,0
DA:258,0
DA:259,0
DA:260,0
DA:261,0
DA:262,0
DA:263,0
DA:264,0
DA:265,0
DA:266,0
DA:267,0
DA:268,0
DA:269,0
DA:270,0
DA:271,0
DA:272,0
DA:273,0
DA:274,0
DA:275,0
DA:276,0
DA:277,0
DA:278,0
DA:279,0
DA:280,0
DA:281,0
DA:282,0
DA:283,0
DA:285,0
DA:288,0
DA:289,0
DA:290,0
DA:291,0
DA:292,0
DA:293,0
DA:294,0
DA:295,0
DA:296,0
DA:298,0
DA:299,0
LH:0
LF:64
end_of_record
SF:E:/git/novalist-official/Novalist.Core/Models/BookData.cs
FN:111,get_ActiveDraft()
FNDA:0,get_ActiveDraft()
FNF:1
FNH:0
BRDA:111,111,16,-
BRDA:111,111,17,-
BRF:2
BRH:0
DA:111,0
DA:112,0
LH:0
LF:2
end_of_record
SF:E:/git/novalist-official/Novalist.Core/Models/ChapterData.cs
FN:8,.ctor()
FNDA:58,.ctor()
FNF:1
FNH:1
BRF:0
BRH:0
DA:8,58
LH:1
LF:1
end_of_record
SF:E:/git/novalist-official/Novalist.Core/Models/CharacterData.cs
FN:88,get_DisplayName()
FN:8,.ctor()
FNDA:43,get_DisplayName()
FNDA:20,.ctor()
FNF:2
FNH:2
BRDA:88,88,18,1
BRDA:88,88,19,-
BRF:2
BRH:1
DA:8,20
DA:88,43
LH:2
LF:2
end_of_record
SF:E:/git/novalist-official/Novalist.Core/Models/CharacterData.cs
FN:158,get_ScopeLabel()
FNDA:2,get_ScopeLabel()
FNF:1
FNH:1
BRDA:160,160,20,1
BRDA:160,160,21,-
BRDA:161,161,22,1
BRDA:161,161,23,1
BRDA:162,162,24,1
BRDA:162,162,25,1
BRF:6
BRH:5
DA:158,2
DA:159,2
DA:160,2
DA:161,4
DA:162,3
DA:163,2
DA:164,2
LH:7
LF:7
end_of_record
SF:E:/git/novalist-official/Novalist.Core/Models/EntityTemplate.cs
FN:132,ToString()
FN:92,.ctor()
FNDA:0,ToString()
FNDA:0,.ctor()
FNF:2
FNH:0
BRF:0
BRH:0
DA:92,0
DA:132,0
LH:0
LF:2
end_of_record
SF:E:/git/novalist-official/Novalist.Core/Models/CustomEntityData.cs
FN:12,.ctor()
FNDA:7,.ctor()
FNF:1
FNH:1
BRF:0
BRH:0
DA:12,7
LH:1
LF:1
end_of_record
SF:E:/git/novalist-official/Novalist.Core/Models/EntityTemplate.cs
FN:257,ToString()
FN:228,.ctor()
FNDA:0,ToString()
FNDA:0,.ctor()
FNF:2
FNH:0
BRF:0
BRH:0
DA:228,0
DA:257,0
LH:0
LF:2
end_of_record
SF:E:/git/novalist-official/Novalist.Core/Models/CustomEntityTypeDefinition.cs
FN:42,get_IsUserSource()
FNDA:0,get_IsUserSource()
FNF:1
FNH:0
BRF:0
BRH:0
DA:42,0
LH:0
LF:1
end_of_record
SF:E:/git/novalist-official/Novalist.Core/Models/EntityCommon.cs
FN:15,get_Name()
FN:16,set_Name(System.String)
FN:22,get_Path()
FN:23,set_Path(System.String)
FN:29,SetField(T&,T,System.String)
FN:9,.ctor()
FNDA:0,get_Name()
FNDA:1,set_Name(System.String)
FNDA:5,get_Path()
FNDA:3,set_Path(System.String)
FNDA:4,SetField(T&,T,System.String)
FNDA:3,.ctor()
FNF:6
FNH:5
BRDA:30,30,26,1
BRDA:30,30,27,1
BRDA:34,34,28,1
BRDA:34,34,29,-
BRF:4
BRH:3
DA:9,3
DA:10,3
DA:15,0
DA:16,1
DA:22,5
DA:23,3
DA:29,4
DA:30,4
DA:31,0
DA:33,4
DA:34,4
DA:35,4
LH:10
LF:12
end_of_record
SF:E:/git/novalist-official/Novalist.Core/Models/ExportPreset.cs
FN:77,GetById(System.String)
FN:32,.cctor()
FNDA:0,GetById(System.String)
FNDA:1,.cctor()
FNF:2
FNH:1
BRDA:78,78,30,-
BRDA:78,78,31,-
BRDA:79,79,32,-
BRDA:79,79,33,-
BRF:4
BRH:0
DA:32,1
DA:33,1
DA:34,1
DA:35,1
DA:36,1
DA:37,1
DA:38,1
DA:39,1
DA:40,1
DA:41,1
DA:42,1
DA:43,1
DA:44,1
DA:45,1
DA:46,1
DA:47,1
DA:48,1
DA:49,1
DA:50,1
DA:51,1
DA:52,1
DA:53,1
DA:54,1
DA:55,1
DA:56,1
DA:57,1
DA:58,1
DA:59,1
DA:60,1
DA:61,1
DA:62,1
DA:63,1
DA:64,1
DA:65,1
DA:66,1
DA:67,1
DA:68,1
DA:69,1
DA:70,1
DA:71,1
DA:72,1
DA:73,1
DA:74,1
DA:77,0
DA:78,0
DA:79,0
DA:80,0
LH:43
LF:47
end_of_record
SF:E:/git/novalist-official/Novalist.Core/Models/GitModels.cs
FN:21,get_DisplayStatus()
FN:28,get_IsStaged()
FNDA:0,get_DisplayStatus()
FNDA:0,get_IsStaged()
FNF:2
FNH:0
BRDA:21,21,34,-
BRDA:21,21,35,-
BRDA:28,28,36,-
BRDA:28,28,37,-
BRDA:28,28,38,-
BRDA:28,28,39,-
BRF:6
BRH:0
DA:21,0
DA:22,0
DA:23,0
DA:28,0
LH:0
LF:4
end_of_record
SF:E:/git/novalist-official/Novalist.Core/Models/InWorldCalendar.cs
FN:44,get_CustomYearLength()
FNDA:0,get_CustomYearLength()
FNF:1
FNH:0
BRDA:46,46,40,-
BRDA:46,46,41,-
BRF:2
BRH:0
DA:44,0
DA:45,0
DA:46,0
DA:47,0
DA:48,0
LH:0
LF:5
end_of_record
SF:E:/git/novalist-official/Novalist.Core/Models/ItemData.cs
FN:8,.ctor()
FNDA:3,.ctor()
FNF:1
FNH:1
BRF:0
BRH:0
DA:8,3
LH:1
LF:1
end_of_record
SF:E:/git/novalist-official/Novalist.Core/Models/EntityTemplate.cs
FN:190,ToString()
FN:170,.ctor()
FNDA:0,ToString()
FNDA:0,.ctor()
FNF:2
FNH:0
BRF:0
BRH:0
DA:170,0
DA:190,0
LH:0
LF:2
end_of_record
SF:E:/git/novalist-official/Novalist.Core/Models/LocationData.cs
FN:8,.ctor()
FNDA:4,.ctor()
FNF:1
FNH:1
BRF:0
BRH:0
DA:8,4
LH:1
LF:1
end_of_record
SF:E:/git/novalist-official/Novalist.Core/Models/EntityTemplate.cs
FN:161,ToString()
FN:141,.ctor()
FNDA:0,ToString()
FNDA:0,.ctor()
FNF:2
FNH:0
BRF:0
BRH:0
DA:141,0
DA:161,0
LH:0
LF:2
end_of_record
SF:E:/git/novalist-official/Novalist.Core/Models/LoreData.cs
FN:8,.ctor()
FN:39,.cctor()
FNDA:4,.ctor()
FNDA:0,.cctor()
FNF:2
FNH:1
BRF:0
BRH:0
DA:8,4
DA:39,0
LH:1
LF:2
end_of_record
SF:E:/git/novalist-official/Novalist.Core/Models/EntityTemplate.cs
FN:219,ToString()
FN:199,.ctor()
FNDA:0,ToString()
FNDA:0,.ctor()
FNF:2
FNH:0
BRF:0
BRH:0
DA:199,0
DA:219,0
LH:0
LF:2
end_of_record
SF:E:/git/novalist-official/Novalist.Core/Models/NovalistProject.cs
FN:23,CreateNew(System.String,System.String)
FNDA:0,CreateNew(System.String,System.String)
FNF:1
FNH:0
BRF:0
BRH:0
DA:23,0
DA:24,0
DA:25,0
DA:26,0
DA:27,0
DA:28,0
DA:29,0
DA:30,0
DA:31,0
LH:0
LF:9
end_of_record
SF:E:/git/novalist-official/Novalist.Core/Models/PlotlineData.cs
FN:12,.ctor()
FNDA:9,.ctor()
FNF:1
FNH:1
BRF:0
BRH:0
DA:12,9
LH:1
LF:1
end_of_record
SF:E:/git/novalist-official/Novalist.Core/Models/ProjectMetadata.cs
FN:68,GetActiveBook()
FNDA:0,GetActiveBook()
FNF:1
FNH:0
BRDA:68,68,42,-
BRDA:68,68,43,-
BRF:2
BRH:0
DA:68,0
LH:0
LF:1
end_of_record
SF:E:/git/novalist-official/Novalist.Core/Models/ResearchData.cs
FN:22,.ctor()
FNDA:29,.ctor()
FNF:1
FNH:1
BRF:0
BRH:0
DA:22,29
LH:1
LF:1
end_of_record
SF:E:/git/novalist-official/Novalist.Core/Models/SceneData.cs
FN:139,get_HasValues()
FN:146,Clone()
FNDA:0,get_HasValues()
FNDA:0,Clone()
FNF:2
FNH:0
BRDA:139,139,44,-
BRDA:139,139,45,-
BRDA:139,139,46,-
BRDA:139,139,47,-
BRDA:139,139,48,-
BRDA:139,139,49,-
BRDA:139,139,50,-
BRDA:139,139,51,-
BRDA:146,146,52,-
BRDA:146,146,53,-
BRF:10
BRH:0
DA:139,0
DA:140,0
DA:141,0
DA:142,0
DA:143,0
DA:146,0
DA:147,0
DA:148,0
DA:149,0
DA:150,0
DA:151,0
DA:152,0
DA:153,0
LH:0
LF:13
end_of_record
SF:E:/git/novalist-official/Novalist.Core/Models/SceneData.cs
FN:98,.ctor()
FNDA:0,.ctor()
FNF:1
FNH:0
BRF:0
BRH:0
DA:98,0
LH:0
LF:1
end_of_record
SF:E:/git/novalist-official/Novalist.Core/Models/SceneData.cs
FN:8,.ctor()
FNDA:17,.ctor()
FNF:1
FNH:1
BRF:0
BRH:0
DA:8,17
LH:1
LF:1
end_of_record
SF:E:/git/novalist-official/Novalist.Core/Models/SceneData.cs
FN:85,.ctor()
FNDA:2,.ctor()
FNF:1
FNH:1
BRF:0
BRH:0
DA:85,2
LH:1
LF:1
end_of_record
SF:E:/git/novalist-official/Novalist.Core/Models/SceneSnapshot.cs
FN:12,.ctor()
FNDA:0,.ctor()
FNF:1
FNH:0
BRF:0
BRH:0
DA:12,0
LH:0
LF:1
end_of_record
SF:E:/git/novalist-official/Novalist.Core/Models/SettingsOverrides.cs
FN:101,get_HasAppearanceOverride()
FN:106,get_HasEditorOverride()
FN:114,get_HasWritingOverride()
FN:120,ClearAppearance()
FN:128,ClearEditor()
FN:144,ClearWriting()
FNDA:0,get_HasAppearanceOverride()
FNDA:0,get_HasEditorOverride()
FNDA:0,get_HasWritingOverride()
FNDA:0,ClearAppearance()
FNDA:0,ClearEditor()
FNDA:0,ClearWriting()
FNF:6
FNH:0
BRDA:101,101,54,-
BRDA:101,101,55,-
BRDA:101,101,56,-
BRDA:101,101,57,-
BRDA:106,106,58,-
BRDA:106,106,59,-
BRDA:106,106,60,-
BRDA:106,106,61,-
BRDA:106,106,62,-
BRDA:106,106,63,-
BRDA:106,106,64,-
BRDA:106,106,65,-
BRDA:106,106,66,-
BRDA:106,106,67,-
BRDA:106,106,68,-
BRDA:106,106,69,-
BRDA:106,106,70,-
BRDA:106,106,71,-
BRDA:106,106,72,-
BRDA:106,106,73,-
BRDA:106,106,74,-
BRDA:106,106,75,-
BRDA:106,106,76,-
BRDA:106,106,77,-
BRDA:114,114,78,-
BRDA:114,114,79,-
BRDA:114,114,80,-
BRDA:114,114,81,-
BRDA:114,114,82,-
BRDA:114,114,83,-
BRDA:114,114,84,-
BRDA:114,114,85,-
BRF:32
BRH:0
DA:101,0
DA:106,0
DA:107,0
DA:108,0
DA:109,0
DA:114,0
DA:115,0
DA:116,0
DA:120,0
DA:121,0
DA:122,0
DA:123,0
DA:124,0
DA:128,0
DA:129,0
DA:130,0
DA:131,0
DA:132,0
DA:133,0
DA:134,0
DA:135,0
DA:136,0
DA:137,0
DA:138,0
DA:139,0
DA:140,0
DA:144,0
DA:145,0
DA:146,0
DA:147,0
DA:148,0
DA:149,0
DA:150,0
LH:0
LF:33
end_of_record
SF:E:/git/novalist-official/Novalist.Core/Models/SmartList.cs
FN:13,.ctor()
FNDA:5,.ctor()
FNF:1
FNH:1
BRF:0
BRH:0
DA:13,5
LH:1
LF:1
end_of_record
SF:E:/git/novalist-official/Novalist.Core/Models/StoryDateRange.cs
FN:31,get_HasValue()
FN:35,Clone()
FNDA:0,get_HasValue()
FNDA:0,Clone()
FNF:2
FNH:0
BRDA:31,31,86,-
BRDA:31,31,87,-
BRDA:31,31,88,-
BRDA:31,31,89,-
BRF:4
BRH:0
DA:31,0
DA:32,0
DA:33,0
DA:35,0
DA:36,0
DA:37,0
DA:38,0
DA:39,0
DA:40,0
DA:41,0
DA:42,0
LH:0
LF:11
end_of_record
SF:E:/git/novalist-official/Novalist.Core/Models/StoryStructureTemplate.cs
FN:109,GetById(System.String)
FN:27,.cctor()
FNDA:0,GetById(System.String)
FNDA:0,.cctor()
FNF:2
FNH:0
BRF:0
BRH:0
DA:27,0
DA:28,0
DA:29,0
DA:30,0
DA:31,0
DA:32,0
DA:33,0
DA:34,0
DA:35,0
DA:36,0
DA:37,0
DA:38,0
DA:39,0
DA:40,0
DA:41,0
DA:42,0
DA:43,0
DA:44,0
DA:45,0
DA:46,0
DA:47,0
DA:48,0
DA:49,0
DA:50,0
DA:51,0
DA:52,0
DA:53,0
DA:54,0
DA:55,0
DA:56,0
DA:57,0
DA:58,0
DA:59,0
DA:60,0
DA:61,0
DA:62,0
DA:63,0
DA:64,0
DA:65,0
DA:66,0
DA:67,0
DA:68,0
DA:69,0
DA:70,0
DA:71,0
DA:72,0
DA:73,0
DA:74,0
DA:75,0
DA:76,0
DA:77,0
DA:78,0
DA:79,0
DA:80,0
DA:81,0
DA:82,0
DA:83,0
DA:84,0
DA:85,0
DA:86,0
DA:87,0
DA:88,0
DA:89,0
DA:90,0
DA:91,0
DA:92,0
DA:93,0
DA:94,0
DA:95,0
DA:96,0
DA:97,0
DA:98,0
DA:99,0
DA:100,0
DA:101,0
DA:102,0
DA:103,0
DA:104,0
DA:105,0
DA:106,0
DA:109,0
LH:0
LF:81
end_of_record
SF:E:/git/novalist-official/Novalist.Core/Models/EntityTemplate.cs
FN:265,.cctor()
FNDA:0,.cctor()
FNF:1
FNH:0
BRF:0
BRH:0
DA:265,0
DA:266,0
DA:267,0
DA:268,0
DA:269,0
DA:270,0
DA:272,0
DA:273,0
DA:274,0
LH:0
LF:9
end_of_record
SF:E:/git/novalist-official/Novalist.Core/Models/TimelineData.cs
FN:13,.ctor()
FNDA:1,.ctor()
FNF:1
FNH:1
BRF:0
BRH:0
DA:13,1
DA:14,1
DA:15,1
DA:16,1
DA:17,1
LH:5
LF:5
end_of_record
SF:E:/git/novalist-official/Novalist.Core/Models/WellKnownPropertyTypes.cs
FN:22,FromEnum(Novalist.Core.Models.CustomPropertyType)
FN:29,TryToEnum(System.String,Novalist.Core.Models.CustomPropertyType&)
FN:17,.cctor()
FNDA:0,FromEnum(Novalist.Core.Models.CustomPropertyType)
FNDA:0,TryToEnum(System.String,Novalist.Core.Models.CustomPropertyType&)
FNDA:0,.cctor()
FNF:3
FNH:0
BRF:0
BRH:0
DA:17,0
DA:22,0
DA:29,0
LH:0
LF:3
end_of_record
SF:E:/git/novalist-official/Novalist.Core/Models/WordHistoryEntry.cs
FN:23,DateOnly()
FNDA:0,DateOnly()
FNF:1
FNH:0
BRDA:23,23,90,-
BRDA:23,23,91,-
BRF:2
BRH:0
DA:23,0
DA:24,0
DA:25,0
LH:0
LF:3
end_of_record
SF:E:/git/novalist-official/Novalist.Core/Services/EffectiveSettings.cs
FN:22,get_O()
FN:23,get_G()
FN:25,get_Language()
FN:26,get_Theme()
FN:27,get_AccentColor()
FN:29,get_EditorFontFamily()
FN:30,get_EditorFontSize()
FN:31,get_TypewriterScrollEnabled()
FN:32,get_TypewriterScrollAnchor()
FN:33,get_PageViewEnabled()
FN:35,get_EnableBookParagraphSpacing()
FN:36,get_EnableBookWidth()
FN:37,get_BookPageFormat()
FN:38,get_BookTextBlockWidth()
FN:39,get_BookFontFamily()
FN:40,get_BookFontSize()
FN:42,get_AutoReplacementLanguage()
FN:43,get_AutoReplacements()
FN:44,get_DialogueCorrectionEnabled()
FN:45,get_GrammarCheckEnabled()
FN:46,get_GrammarCheckApiUrl()
FN:17,.ctor(System.Func`1<Novalist.Core.Models.AppSettings>,System.Func`1<Novalist.Core.Models.SettingsOverrides>)
FNDA:0,get_O()
FNDA:0,get_G()
FNDA:0,get_Language()
FNDA:0,get_Theme()
FNDA:0,get_AccentColor()
FNDA:0,get_EditorFontFamily()
FNDA:0,get_EditorFontSize()
FNDA:0,get_TypewriterScrollEnabled()
FNDA:0,get_TypewriterScrollAnchor()
FNDA:0,get_PageViewEnabled()
FNDA:0,get_EnableBookParagraphSpacing()
FNDA:0,get_EnableBookWidth()
FNDA:0,get_BookPageFormat()
FNDA:0,get_BookTextBlockWidth()
FNDA:0,get_BookFontFamily()
FNDA:0,get_BookFontSize()
FNDA:0,get_AutoReplacementLanguage()
FNDA:0,get_AutoReplacements()
FNDA:0,get_DialogueCorrectionEnabled()
FNDA:0,get_GrammarCheckEnabled()
FNDA:0,get_GrammarCheckApiUrl()
FNDA:1,.ctor(System.Func`1<Novalist.Core.Models.AppSettings>,System.Func`1<Novalist.Core.Models.SettingsOverrides>)
FNF:22
FNH:1
BRDA:25,25,92,-
BRDA:25,25,93,-
BRDA:25,25,94,-
BRDA:25,25,95,-
BRDA:26,26,96,-
BRDA:26,26,97,-
BRDA:26,26,98,-
BRDA:26,26,99,-
BRDA:27,27,100,-
BRDA:27,27,101,-
BRDA:27,27,102,-
BRDA:27,27,103,-
BRDA:29,29,104,-
BRDA:29,29,105,-
BRDA:29,29,106,-
BRDA:29,29,107,-
BRDA:30,30,108,-
BRDA:30,30,109,-
BRDA:30,30,110,-
BRDA:30,30,111,-
BRDA:31,31,112,-
BRDA:31,31,113,-
BRDA:31,31,114,-
BRDA:31,31,115,-
BRDA:32,32,116,-
BRDA:32,32,117,-
BRDA:32,32,118,-
BRDA:32,32,119,-
BRDA:33,33,120,-
BRDA:33,33,121,-
BRDA:33,33,122,-
BRDA:33,33,123,-
BRDA:35,35,124,-
BRDA:35,35,125,-
BRDA:35,35,126,-
BRDA:35,35,127,-
BRDA:36,36,128,-
BRDA:36,36,129,-
BRDA:36,36,130,-
BRDA:36,36,131,-
BRDA:37,37,132,-
BRDA:37,37,133,-
BRDA:37,37,134,-
BRDA:37,37,135,-
BRDA:38,38,136,-
BRDA:38,38,137,-
BRDA:38,38,138,-
BRDA:38,38,139,-
BRDA:39,39,140,-
BRDA:39,39,141,-
BRDA:39,39,142,-
BRDA:39,39,143,-
BRDA:40,40,144,-
BRDA:40,40,145,-
BRDA:40,40,146,-
BRDA:40,40,147,-
BRDA:42,42,148,-
BRDA:42,42,149,-
BRDA:42,42,150,-
BRDA:42,42,151,-
BRDA:43,43,152,-
BRDA:43,43,153,-
BRDA:43,43,154,-
BRDA:43,43,155,-
BRDA:44,44,156,-
BRDA:44,44,157,-
BRDA:44,44,158,-
BRDA:44,44,159,-
BRDA:45,45,160,-
BRDA:45,45,161,-
BRDA:45,45,162,-
BRDA:45,45,163,-
BRDA:46,46,164,-
BRDA:46,46,165,-
BRDA:46,46,166,-
BRDA:46,46,167,-
BRF:76
BRH:0
DA:17,1
DA:18,1
DA:19,1
DA:20,1
DA:22,0
DA:23,0
DA:25,0
DA:26,0
DA:27,0
DA:29,0
DA:30,0
DA:31,0
DA:32,0
DA:33,0
DA:35,0
DA:36,0
DA:37,0
DA:38,0
DA:39,0
DA:40,0
DA:42,0
DA:43,0
DA:44,0
DA:45,0
DA:46,0
LH:4
LF:25
end_of_record
SF:E:/git/novalist-official/Novalist.Core/Services/EntityService.cs
FN:23,get_BookRoot()
FN:26,get_WorldBibleRoot()
FN:28,get_Book()
FN:31,get_Project()
FN:40,SaveCharacterAsync(Novalist.Core.Models.CharacterData)
FN:43,DeleteCharacterAsync(System.String,System.Boolean)
FN:51,SaveLocationAsync(Novalist.Core.Models.LocationData)
FN:54,DeleteLocationAsync(System.String,System.Boolean)
FN:62,SaveItemAsync(Novalist.Core.Models.ItemData)
FN:65,DeleteItemAsync(System.String,System.Boolean)
FN:73,SaveLoreAsync(Novalist.Core.Models.LoreData)
FN:76,DeleteLoreAsync(System.String,System.Boolean)
FN:124,SaveCustomEntityAsync(Novalist.Core.Models.CustomEntityData)
FN:130,DeleteCustomEntityAsync(System.String,System.String,System.Boolean)
FN:172,GetCustomEntityTypes()
FN:194,GetCustomEntityTypeOrThrow(System.String)
FN:231,GetProjectImages()
FN:260,GetImageFullPath(System.String)
FN:354,DeleteEntityAsync(System.String,System.String,System.Boolean)
FN:362,GetEntityFolders(Novalist.Core.Models.EntityType)
FN:379,GetUniqueImageFileName(System.String,System.String)
FN:19,.ctor(Novalist.Core.Services.IProjectService)
FN:10,.cctor()
FN:372,ComputeFileHashAsync()
FN:187,DeleteCustomEntityTypeAsync()
FN:202,ImportImageAsync()
FN:37,LoadCharactersAsync()
FN:117,LoadCustomEntitiesAsync()
FN:274,LoadEntitiesMergedAsync()
FN:59,LoadItemsAsync()
FN:48,LoadLocationsAsync()
FN:70,LoadLoreAsync()
FN:154,MoveCustomEntityToBookAsync()
FN:136,MoveCustomEntityToWorldBibleAsync()
FN:97,MoveEntityToBookAsync()
FN:81,MoveEntityToWorldBibleAsync()
FN:175,SaveCustomEntityTypeAsync()
FN:335,SaveEntityAsync()
FNDA:0,get_BookRoot()
FNDA:0,get_WorldBibleRoot()
FNDA:0,get_Book()
FNDA:0,get_Project()
FNDA:0,SaveCharacterAsync(Novalist.Core.Models.CharacterData)
FNDA:0,DeleteCharacterAsync(System.String,System.Boolean)
FNDA:0,SaveLocationAsync(Novalist.Core.Models.LocationData)
FNDA:0,DeleteLocationAsync(System.String,System.Boolean)
FNDA:0,SaveItemAsync(Novalist.Core.Models.ItemData)
FNDA:0,DeleteItemAsync(System.String,System.Boolean)
FNDA:0,SaveLoreAsync(Novalist.Core.Models.LoreData)
FNDA:0,DeleteLoreAsync(System.String,System.Boolean)
FNDA:0,SaveCustomEntityAsync(Novalist.Core.Models.CustomEntityData)
FNDA:0,DeleteCustomEntityAsync(System.String,System.String,System.Boolean)
FNDA:0,GetCustomEntityTypes()
FNDA:0,GetCustomEntityTypeOrThrow(System.String)
FNDA:0,GetProjectImages()
FNDA:0,GetImageFullPath(System.String)
FNDA:0,DeleteEntityAsync(System.String,System.String,System.Boolean)
FNDA:0,GetEntityFolders(Novalist.Core.Models.EntityType)
FNDA:0,GetUniqueImageFileName(System.String,System.String)
FNDA:1,.ctor(Novalist.Core.Services.IProjectService)
FNDA:0,.cctor()
FNDA:0,ComputeFileHashAsync()
FNDA:0,DeleteCustomEntityTypeAsync()
FNDA:0,ImportImageAsync()
FNDA:0,LoadCharactersAsync()
FNDA:0,LoadCustomEntitiesAsync()
FNDA:0,LoadEntitiesMergedAsync()
FNDA:0,LoadItemsAsync()
FNDA:0,LoadLocationsAsync()
FNDA:0,LoadLoreAsync()
FNDA:0,MoveCustomEntityToBookAsync()
FNDA:0,MoveCustomEntityToWorldBibleAsync()
FNDA:0,MoveEntityToBookAsync()
FNDA:0,MoveEntityToWorldBibleAsync()
FNDA:0,SaveCustomEntityTypeAsync()
FNDA:0,SaveEntityAsync()
FNF:38
FNH:1
BRDA:23,23,168,-
BRDA:23,23,169,-
BRDA:28,28,170,-
BRDA:28,28,171,-
BRDA:31,31,172,-
BRDA:31,31,173,-
BRDA:43,43,174,-
BRDA:43,43,175,-
BRDA:54,54,176,-
BRDA:54,54,177,-
BRDA:65,65,178,-
BRDA:65,65,179,-
BRDA:76,76,180,-
BRDA:76,76,181,-
BRDA:132,132,182,-
BRDA:132,132,183,-
BRDA:194,194,184,-
BRDA:194,194,185,-
BRDA:236,236,186,-
BRDA:236,236,187,-
BRDA:244,244,188,-
BRDA:244,244,189,-
BRDA:247,247,190,-
BRDA:247,247,191,-
BRDA:261,261,192,-
BRDA:261,261,193,-
BRDA:265,265,194,-
BRDA:265,265,195,-
BRDA:355,355,196,-
BRDA:355,355,197,-
BRDA:355,355,198,-
BRDA:355,355,199,-
BRDA:357,357,200,-
BRDA:357,357,201,-
BRDA:362,362,202,-
BRDA:362,362,203,-
BRDA:362,362,204,-
BRDA:362,362,205,-
BRDA:362,362,206,-
BRDA:385,385,207,-
BRDA:385,385,208,-
BRDA:209,209,209,-
BRDA:209,209,210,-
BRDA:212,212,211,-
BRDA:212,212,212,-
BRDA:216,216,213,-
BRDA:216,216,214,-
BRDA:224,224,215,-
BRDA:224,224,216,-
BRDA:279,279,217,-
BRDA:279,279,218,-
BRDA:281,281,219,-
BRDA:281,281,220,-
BRDA:294,294,221,-
BRDA:294,294,222,-
BRDA:303,303,223,-
BRDA:303,303,224,-
BRDA:306,306,225,-
BRDA:306,306,226,-
BRDA:309,309,227,-
BRDA:309,309,228,-
BRDA:322,322,229,-
BRDA:322,322,230,-
BRDA:322,322,231,-
BRDA:322,322,232,-
BRDA:155,155,233,-
BRDA:155,155,234,-
BRDA:165,165,235,-
BRDA:165,165,236,-
BRDA:137,137,237,-
BRDA:137,137,238,-
BRDA:147,147,239,-
BRDA:147,147,240,-
BRDA:98,98,241,-
BRDA:98,98,242,-
BRDA:108,108,243,-
BRDA:108,108,244,-
BRDA:82,82,245,-
BRDA:82,82,246,-
BRDA:92,92,247,-
BRDA:92,92,248,-
BRDA:178,178,249,-
BRDA:178,178,250,-
BRDA:337,337,251,-
BRDA:337,337,252,-
BRDA:337,337,253,-
BRDA:337,337,254,-
BRF:87
BRH:0
DA:10,0
DA:11,0
DA:12,0
DA:13,0
DA:14,0
DA:16,0
DA:19,1
DA:20,1
DA:21,1
DA:23,0
DA:24,0
DA:26,0
DA:28,0
DA:29,0
DA:31,0
DA:32,0
DA:37,0
DA:40,0
DA:43,0
DA:48,0
DA:51,0
DA:54,0
DA:59,0
DA:62,0
DA:65,0
DA:70,0
DA:73,0
DA:76,0
DA:81,0
DA:82,0
DA:84,0
DA:85,0
DA:86,0
DA:87,0
DA:89,0
DA:90,0
DA:92,0
DA:93,0
DA:94,0
DA:97,0
DA:98,0
DA:100,0
DA:101,0
DA:102,0
DA:103,0
DA:105,0
DA:106,0
DA:108,0
DA:109,0
DA:111,0
DA:112,0
DA:117,0
DA:118,0
DA:119,0
DA:120,0
DA:121,0
DA:124,0
DA:125,0
DA:126,0
DA:127,0
DA:130,0
DA:131,0
DA:132,0
DA:133,0
DA:136,0
DA:137,0
DA:139,0
DA:140,0
DA:141,0
DA:142,0
DA:144,0
DA:145,0
DA:147,0
DA:148,0
DA:150,0
DA:151,0
DA:154,0
DA:155,0
DA:157,0
DA:158,0
DA:159,0
DA:160,0
DA:162,0
DA:163,0
DA:165,0
DA:166,0
DA:168,0
DA:169,0
DA:172,0
DA:175,0
DA:176,0
DA:177,0
DA:178,0
DA:179,0
DA:181,0
DA:183,0
DA:184,0
DA:187,0
DA:188,0
DA:189,0
DA:190,0
DA:191,0
DA:194,0
DA:195,0
DA:196,0
DA:202,0
DA:203,0
DA:204,0
DA:206,0
DA:207,0
DA:209,0
DA:210,0
DA:211,0
DA:212,0
DA:213,0
DA:215,0
DA:216,0
DA:217,0
DA:218,0
DA:220,0
DA:221,0
DA:222,0
DA:224,0
DA:225,0
DA:227,0
DA:228,0
DA:231,0
DA:232,0
DA:235,0
DA:236,0
DA:237,0
DA:238,0
DA:239,0
DA:240,0
DA:241,0
DA:244,0
DA:245,0
DA:246,0
DA:247,0
DA:248,0
DA:249,0
DA:250,0
DA:251,0
DA:252,0
DA:253,0
DA:254,0
DA:256,0
DA:257,0
DA:260,0
DA:261,0
DA:262,0
DA:265,0
DA:266,0
DA:268,0
DA:269,0
DA:274,0
DA:275,0
DA:278,0
DA:279,0
DA:280,0
DA:281,0
DA:282,0
DA:285,0
DA:286,0
DA:287,0
DA:288,0
DA:289,0
DA:290,0
DA:292,0
DA:294,0
DA:295,0
DA:296,0
DA:297,0
DA:298,0
DA:299,0
DA:300,0
DA:303,0
DA:304,0
DA:305,0
DA:306,0
DA:307,0
DA:308,0
DA:309,0
DA:310,0
DA:313,0
DA:314,0
DA:315,0
DA:316,0
DA:317,0
DA:318,0
DA:320,0
DA:322,0
DA:323,0
DA:324,0
DA:325,0
DA:326,0
DA:327,0
DA:328,0
DA:329,0
DA:331,0
DA:332,0
DA:335,0
DA:337,0
DA:338,0
DA:339,0
DA:340,0
DA:342,0
DA:343,0
DA:344,0
DA:346,0
DA:348,0
DA:349,0
DA:350,0
DA:351,0
DA:354,0
DA:355,0
DA:356,0
DA:357,0
DA:358,0
DA:359,0
DA:360,0
DA:362,0
DA:363,0
DA:364,0
DA:365,0
DA:366,0
DA:367,0
DA:368,0
DA:369,0
DA:372,0
DA:373,0
DA:374,0
DA:375,0
DA:376,0
DA:379,0
DA:380,0
DA:381,0
DA:382,0
DA:383,0
DA:385,0
DA:386,0
DA:387,0
DA:388,0
DA:389,0
DA:391,0
DA:392,0
LH:3
LF:246
end_of_record
SF:E:/git/novalist-official/Novalist.Core/Services/ExportService.cs
FN:38,ResolvePreset()
FNDA:0,ResolvePreset()
FNF:1
FNH:0
BRDA:39,39,255,-
BRDA:39,39,256,-
BRDA:41,41,257,-
BRDA:41,41,258,-
BRF:4
BRH:0
DA:38,0
DA:39,0
DA:40,0
DA:41,0
DA:42,0
LH:0
LF:5
end_of_record
SF:E:/git/novalist-official/Novalist.Core/Services/ExportService.cs
FN:209,XmlEscape(System.String)
FN:364,SanitizeFolderName(System.String)
FN:372,AppendCharacter(System.Text.StringBuilder,Novalist.Core.Models.CharacterData,System.Func`2<System.String,System.String>)
FN:424,AppendGenericEntity(System.Text.StringBuilder,System.String,System.String,System.String,System.Collections.Generic.List`1<Novalist.Core.Models.EntityImage>,System.Collections.Generic.Dictionary`2<System.String,System.String>,System.Collections.Generic.List`1<Novalist.Core.Models.EntitySection>,System.Func`2<System.String,System.String>)
FN:454,LatexEscape(System.String)
FN:534,AppendEvent(System.Text.StringBuilder,Novalist.Core.Models.TimelineManualEvent,System.Collections.Generic.IReadOnlyDictionary`2<System.String,System.String>)
FN:552,ParseHtmlToParagraphs(System.String)
FN:587,ParseInlineFormatting(System.String)
FN:594,ParseInlineRecursive(System.String,System.Boolean,System.Boolean,System.Collections.Generic.List`1<Novalist.Core.Services.InlineSegment>)
FN:710,StripHtml(System.String)
FN:719,EscapeXml(System.String)
FN:729,GenerateUuid()
FN:786,GenerateEpubStylesheet()
FN:840,GenerateChapterXhtml(Novalist.Core.Services.ChapterExportContent)
FN:880,SegmentsToXhtml(System.Collections.Generic.List`1<Novalist.Core.Services.InlineSegment>)
FN:898,GenerateTitlePageXhtml(Novalist.Core.Services.ExportOptions)
FN:923,GenerateNavXhtml(System.Collections.Generic.List`1<Novalist.Core.Services.ChapterExportContent>,Novalist.Core.Services.ExportOptions)
FN:952,GenerateTocNcx(System.Collections.Generic.List`1<Novalist.Core.Services.ChapterExportContent>,Novalist.Core.Services.ExportOptions,System.String)
FN:1001,GenerateContentOpf(System.Collections.Generic.List`1<Novalist.Core.Services.ChapterExportContent>,Novalist.Core.Services.ExportOptions,System.String,System.String)
FN:1184,GenerateDocxStyles(Novalist.Core.Services.ExportOptions)
FN:1292,SegmentsToDocxRuns(System.Collections.Generic.List`1<Novalist.Core.Services.InlineSegment>)
FN:1314,ExportToPdf(System.Collections.Generic.List`1<Novalist.Core.Services.ChapterExportContent>,Novalist.Core.Services.ExportOptions,System.String)
FN:1491,WordWrap(System.String,PdfSharpCore.Drawing.XFont,PdfSharpCore.Drawing.XGraphics,System.Double)
FN:1589,SegmentsToMarkdown(System.Collections.Generic.List`1<Novalist.Core.Services.InlineSegment>)
FN:1615,ExtractStyleClass(System.String)
FN:1347,NewPage()
FN:81,.ctor(Novalist.Core.Services.IProjectService,Novalist.Core.Services.IEntityService)
FN:280,CopyImage()
FN:90,CompileChaptersAsync()
FN:143,ExportAsync()
FN:265,ExportCodexAsync()
FN:482,ExportTimelineOutlineAsync()
FN:1052,ExportToDocxAsync()
FN:739,ExportToEpubAsync()
FN:175,ExportToFinalDraftAsync()
FN:214,ExportToLatexAsync()
FN:1523,ExportToMarkdownAsync()
FN:779,WriteEntryAsync()
FNDA:0,XmlEscape(System.String)
FNDA:0,SanitizeFolderName(System.String)
FNDA:0,AppendCharacter(System.Text.StringBuilder,Novalist.Core.Models.CharacterData,System.Func`2<System.String,System.String>)
FNDA:0,AppendGenericEntity(System.Text.StringBuilder,System.String,System.String,System.String,System.Collections.Generic.List`1<Novalist.Core.Models.EntityImage>,System.Collections.Generic.Dictionary`2<System.String,System.String>,System.Collections.Generic.List`1<Novalist.Core.Models.EntitySection>,System.Func`2<System.String,System.String>)
FNDA:0,LatexEscape(System.String)
FNDA:0,AppendEvent(System.Text.StringBuilder,Novalist.Core.Models.TimelineManualEvent,System.Collections.Generic.IReadOnlyDictionary`2<System.String,System.String>)
FNDA:0,ParseHtmlToParagraphs(System.String)
FNDA:0,ParseInlineFormatting(System.String)
FNDA:0,ParseInlineRecursive(System.String,System.Boolean,System.Boolean,System.Collections.Generic.List`1<Novalist.Core.Services.InlineSegment>)
FNDA:0,StripHtml(System.String)
FNDA:0,EscapeXml(System.String)
FNDA:0,GenerateUuid()
FNDA:0,GenerateEpubStylesheet()
FNDA:0,GenerateChapterXhtml(Novalist.Core.Services.ChapterExportContent)
FNDA:0,SegmentsToXhtml(System.Collections.Generic.List`1<Novalist.Core.Services.InlineSegment>)
FNDA:0,GenerateTitlePageXhtml(Novalist.Core.Services.ExportOptions)
FNDA:0,GenerateNavXhtml(System.Collections.Generic.List`1<Novalist.Core.Services.ChapterExportContent>,Novalist.Core.Services.ExportOptions)
FNDA:0,GenerateTocNcx(System.Collections.Generic.List`1<Novalist.Core.Services.ChapterExportContent>,Novalist.Core.Services.ExportOptions,System.String)
FNDA:0,GenerateContentOpf(System.Collections.Generic.List`1<Novalist.Core.Services.ChapterExportContent>,Novalist.Core.Services.ExportOptions,System.String,System.String)
FNDA:0,GenerateDocxStyles(Novalist.Core.Services.ExportOptions)
FNDA:0,SegmentsToDocxRuns(System.Collections.Generic.List`1<Novalist.Core.Services.InlineSegment>)
FNDA:0,ExportToPdf(System.Collections.Generic.List`1<Novalist.Core.Services.ChapterExportContent>,Novalist.Core.Services.ExportOptions,System.String)
FNDA:0,WordWrap(System.String,PdfSharpCore.Drawing.XFont,PdfSharpCore.Drawing.XGraphics,System.Double)
FNDA:0,SegmentsToMarkdown(System.Collections.Generic.List`1<Novalist.Core.Services.InlineSegment>)
FNDA:0,ExtractStyleClass(System.String)
FNDA:0,NewPage()
FNDA:7,.ctor(Novalist.Core.Services.IProjectService,Novalist.Core.Services.IEntityService)
FNDA:0,CopyImage()
FNDA:7,CompileChaptersAsync()
FNDA:7,ExportAsync()
FNDA:0,ExportCodexAsync()
FNDA:0,ExportTimelineOutlineAsync()
FNDA:0,ExportToDocxAsync()
FNDA:0,ExportToEpubAsync()
FNDA:0,ExportToFinalDraftAsync()
FNDA:0,ExportToLatexAsync()
FNDA:0,ExportToMarkdownAsync()
FNDA:0,WriteEntryAsync()
FNF:38
FNH:3
BRDA:366,366,259,-
BRDA:366,366,260,-
BRDA:368,368,261,-
BRDA:368,368,262,-
BRDA:374,374,263,-
BRDA:374,374,264,-
BRDA:374,374,265,-
BRDA:374,374,266,-
BRDA:376,376,267,-
BRDA:376,376,268,-
BRDA:378,378,269,-
BRDA:378,378,270,-
BRDA:380,380,271,-
BRDA:380,380,272,-
BRDA:384,384,273,-
BRDA:384,384,274,-
BRDA:385,385,275,-
BRDA:385,385,276,-
BRDA:386,386,277,-
BRDA:386,386,278,-
BRDA:387,387,279,-
BRDA:387,387,280,-
BRDA:388,388,281,-
BRDA:388,388,282,-
BRDA:389,389,283,-
BRDA:389,389,284,-
BRDA:390,390,285,-
BRDA:390,390,286,-
BRDA:391,391,287,-
BRDA:391,391,288,-
BRDA:392,392,289,-
BRDA:392,392,290,-
BRDA:393,393,291,-
BRDA:393,393,292,-
BRDA:395,395,293,-
BRDA:395,395,294,-
BRDA:395,395,295,-
BRDA:395,395,296,-
BRDA:396,396,297,-
BRDA:396,396,298,-
BRDA:397,397,299,-
BRDA:397,397,300,-
BRDA:400,400,301,-
BRDA:400,400,302,-
BRDA:400,400,303,-
BRDA:400,400,304,-
BRDA:404,404,305,-
BRDA:404,404,306,-
BRDA:408,408,307,-
BRDA:408,408,308,-
BRDA:408,408,309,-
BRDA:408,408,310,-
BRDA:410,410,311,-
BRDA:410,410,312,-
BRDA:412,412,313,-
BRDA:412,412,314,-
BRDA:426,426,315,-
BRDA:426,426,316,-
BRDA:426,426,317,-
BRDA:426,426,318,-
BRDA:427,427,319,-
BRDA:427,427,320,-
BRDA:429,429,321,-
BRDA:429,429,322,-
BRDA:431,431,323,-
BRDA:431,431,324,-
BRDA:434,434,325,-
BRDA:434,434,326,-
BRDA:435,435,327,-
BRDA:435,435,328,-
BRDA:436,436,329,-
BRDA:436,436,330,-
BRDA:436,436,331,-
BRDA:436,436,332,-
BRDA:437,437,333,-
BRDA:437,437,334,-
BRDA:438,438,335,-
BRDA:438,438,336,-
BRDA:440,440,337,-
BRDA:440,440,338,-
BRDA:440,440,339,-
BRDA:440,440,340,-
BRDA:442,442,341,-
BRDA:442,442,342,-
BRDA:444,444,343,-
BRDA:444,444,344,-
BRDA:456,456,345,-
BRDA:456,456,346,-
BRDA:458,458,347,-
BRDA:458,458,348,-
BRDA:458,458,349,-
BRDA:458,458,350,-
BRDA:458,458,351,-
BRDA:458,458,352,-
BRDA:458,458,353,-
BRDA:458,458,354,-
BRDA:458,458,355,-
BRDA:458,458,356,-
BRDA:458,458,357,-
BRDA:458,458,358,-
BRDA:458,458,359,-
BRDA:458,458,360,-
BRDA:458,458,361,-
BRDA:536,536,362,-
BRDA:536,536,363,-
BRDA:538,538,364,-
BRDA:538,538,365,-
BRDA:538,538,366,-
BRDA:538,538,367,-
BRDA:540,540,368,-
BRDA:540,540,369,-
BRDA:553,553,370,-
BRDA:553,553,371,-
BRDA:563,563,372,-
BRDA:563,563,373,-
BRDA:567,567,374,-
BRDA:567,567,375,-
BRDA:572,572,376,-
BRDA:572,572,377,-
BRDA:576,576,378,-
BRDA:576,576,379,-
BRDA:576,576,380,-
BRDA:576,576,381,-
BRDA:596,596,382,-
BRDA:596,596,383,-
BRDA:599,599,384,-
BRDA:599,599,385,-
BRDA:603,603,386,-
BRDA:603,603,387,-
BRDA:609,609,388,-
BRDA:609,609,389,-
BRDA:612,612,390,-
BRDA:612,612,391,-
BRDA:617,617,392,-
BRDA:617,617,393,-
BRDA:623,623,394,-
BRDA:623,623,395,-
BRDA:623,623,396,-
BRDA:623,623,397,-
BRDA:623,623,398,-
BRDA:623,623,399,-
BRDA:623,623,400,-
BRDA:623,623,401,-
BRDA:630,630,402,-
BRDA:630,630,403,-
BRDA:639,639,404,-
BRDA:639,639,405,-
BRDA:648,648,406,-
BRDA:648,648,407,-
BRDA:648,648,408,-
BRDA:648,648,409,-
BRDA:648,648,410,-
BRDA:648,648,411,-
BRDA:648,648,412,-
BRDA:648,648,413,-
BRDA:648,648,414,-
BRDA:648,648,415,-
BRDA:648,648,416,-
BRDA:648,648,417,-
BRDA:711,711,418,-
BRDA:711,711,419,-
BRDA:842,842,420,-
BRDA:842,842,421,-
BRDA:844,844,422,-
BRDA:844,844,423,-
BRDA:851,851,424,-
BRDA:851,851,425,-
BRDA:854,854,426,-
BRDA:854,854,427,-
BRDA:882,882,428,-
BRDA:882,882,429,-
BRDA:885,885,430,-
BRDA:885,885,431,-
BRDA:885,885,432,-
BRDA:885,885,433,-
BRDA:887,887,434,-
BRDA:887,887,435,-
BRDA:889,889,436,-
BRDA:889,889,437,-
BRDA:899,899,438,-
BRDA:899,899,439,-
BRDA:925,925,440,-
BRDA:925,925,441,-
BRDA:928,928,442,-
BRDA:928,928,443,-
BRDA:956,956,444,-
BRDA:956,956,445,-
BRDA:967,967,446,-
BRDA:967,967,447,-
BRDA:1009,1009,448,-
BRDA:1009,1009,449,-
BRDA:1015,1015,450,-
BRDA:1015,1015,451,-
BRDA:1022,1022,452,-
BRDA:1022,1022,453,-
BRDA:1186,1186,454,-
BRDA:1186,1186,455,-
BRDA:1188,1188,456,-
BRDA:1188,1188,457,-
BRDA:1189,1189,458,-
BRDA:1189,1189,459,-
BRDA:1190,1190,460,-
BRDA:1190,1190,461,-
BRDA:1294,1294,462,-
BRDA:1294,1294,463,-
BRDA:1297,1297,464,-
BRDA:1297,1297,465,-
BRDA:1297,1297,466,-
BRDA:1297,1297,467,-
BRDA:1299,1299,468,-
BRDA:1299,1299,469,-
BRDA:1300,1300,470,-
BRDA:1300,1300,471,-
BRDA:1318,1318,472,-
BRDA:1318,1318,473,-
BRDA:1326,1326,474,-
BRDA:1326,1326,475,-
BRDA:1328,1328,476,-
BRDA:1328,1328,477,-
BRDA:1329,1329,478,-
BRDA:1329,1329,479,-
BRDA:1330,1330,480,-
BRDA:1330,1330,481,-
BRDA:1331,1331,482,-
BRDA:1331,1331,483,-
BRDA:1341,1341,484,-
BRDA:1341,1341,485,-
BRDA:1344,1344,486,-
BRDA:1344,1344,487,-
BRDA:1369,1369,488,-
BRDA:1369,1369,489,-
BRDA:1377,1377,490,-
BRDA:1377,1377,491,-
BRDA:1379,1379,492,-
BRDA:1379,1379,493,-
BRDA:1391,1391,494,-
BRDA:1391,1391,495,-
BRDA:1406,1406,496,-
BRDA:1406,1406,497,-
BRDA:1417,1417,498,-
BRDA:1417,1417,499,-
BRDA:1423,1423,500,-
BRDA:1423,1423,501,-
BRDA:1424,1424,502,-
BRDA:1424,1424,503,-
BRDA:1425,1425,504,-
BRDA:1425,1425,505,-
BRDA:1426,1426,506,-
BRDA:1426,1426,507,-
BRDA:1433,1433,508,-
BRDA:1433,1433,509,-
BRDA:1436,1436,510,-
BRDA:1436,1436,511,-
BRDA:1439,1439,512,-
BRDA:1439,1439,513,-
BRDA:1455,1455,514,-
BRDA:1455,1455,515,-
BRDA:1458,1458,516,-
BRDA:1458,1458,517,-
BRDA:1458,1458,518,-
BRDA:1458,1458,519,-
BRDA:1461,1461,520,-
BRDA:1461,1461,521,-
BRDA:1463,1463,522,-
BRDA:1463,1463,523,-
BRDA:1476,1476,524,-
BRDA:1476,1476,525,-
BRDA:1496,1496,526,-
BRDA:1496,1496,527,-
BRDA:1498,1498,528,-
BRDA:1498,1498,529,-
BRDA:1500,1500,530,-
BRDA:1500,1500,531,-
BRDA:1500,1500,532,-
BRDA:1500,1500,533,-
BRDA:1511,1511,534,-
BRDA:1511,1511,535,-
BRDA:1591,1591,536,-
BRDA:1591,1591,537,-
BRDA:1593,1593,538,-
BRDA:1593,1593,539,-
BRDA:1593,1593,540,-
BRDA:1593,1593,541,-
BRDA:1595,1595,542,-
BRDA:1595,1595,543,-
BRDA:1597,1597,544,-
BRDA:1597,1597,545,-
BRDA:1617,1617,546,-
BRDA:1617,1617,547,-
BRDA:1618,1618,548,-
BRDA:1618,1618,549,-
BRDA:1619,1619,550,-
BRDA:1619,1619,551,-
BRDA:1354,1354,552,-
BRDA:1354,1354,553,-
BRDA:1354,1354,554,-
BRDA:1354,1354,555,-
BRDA:240,240,556,-
BRDA:240,240,557,-
BRDA:240,240,558,-
BRDA:240,240,559,-
BRDA:241,241,560,-
BRDA:241,241,561,-
BRDA:242,242,562,-
BRDA:242,242,563,-
BRDA:492,492,564,-
BRDA:492,492,565,-
BRDA:281,281,566,-
BRDA:281,281,567,-
BRDA:282,282,568,-
BRDA:282,282,569,-
BRDA:284,284,570,-
BRDA:284,284,571,-
BRDA:284,284,572,-
BRDA:284,284,573,-
BRDA:288,288,574,-
BRDA:288,288,575,-
BRDA:288,288,576,-
BRDA:288,288,577,-
BRDA:295,295,578,-
BRDA:295,295,579,-
BRDA:98,98,580,1
BRDA:98,98,581,-
BRDA:103,103,582,-
BRDA:103,103,583,-
BRDA:106,106,584,-
BRDA:106,106,585,-
BRDA:106,106,586,-
BRDA:106,106,587,-
BRDA:115,115,588,-
BRDA:115,115,589,-
BRDA:146,146,590,-
BRDA:146,146,591,-
BRDA:146,146,592,-
BRDA:146,146,593,-
BRDA:146,146,594,-
BRDA:146,146,595,-
BRDA:146,146,596,-
BRDA:146,146,597,-
BRDA:266,266,598,-
BRDA:266,266,599,-
BRDA:272,272,600,-
BRDA:272,272,601,-
BRDA:302,302,602,-
BRDA:302,302,603,-
BRDA:303,303,604,-
BRDA:303,303,605,-
BRDA:311,311,606,-
BRDA:311,311,607,-
BRDA:318,318,608,-
BRDA:318,318,609,-
BRDA:325,325,610,-
BRDA:325,325,611,-
BRDA:332,332,612,-
BRDA:332,332,613,-
BRDA:342,342,614,-
BRDA:342,342,615,-
BRDA:483,483,616,-
BRDA:483,483,617,-
BRDA:483,483,618,-
BRDA:483,483,619,-
BRDA:495,495,620,-
BRDA:495,495,621,-
BRDA:498,498,622,-
BRDA:498,498,623,-
BRDA:500,500,624,-
BRDA:500,500,625,-
BRDA:503,503,626,-
BRDA:503,503,627,-
BRDA:505,505,628,-
BRDA:505,505,629,-
BRDA:510,510,630,-
BRDA:510,510,631,-
BRDA:513,513,632,-
BRDA:513,513,633,-
BRDA:515,515,634,-
BRDA:515,515,635,-
BRDA:522,522,636,-
BRDA:522,522,637,-
BRDA:522,522,638,-
BRDA:522,522,639,-
BRDA:525,525,640,-
BRDA:525,525,641,-
BRDA:1059,1059,642,-
BRDA:1059,1059,643,-
BRDA:1082,1082,644,-
BRDA:1082,1082,645,-
BRDA:1097,1097,646,-
BRDA:1097,1097,647,-
BRDA:1099,1099,648,-
BRDA:1099,1099,649,-
BRDA:1102,1102,650,-
BRDA:1102,1102,651,-
BRDA:1122,1122,652,-
BRDA:1122,1122,653,-
BRDA:1125,1125,654,-
BRDA:1125,1125,655,-
BRDA:1129,1129,656,-
BRDA:1129,1129,657,-
BRDA:1132,1132,658,-
BRDA:1132,1132,659,-
BRDA:1135,1135,660,-
BRDA:1135,1135,661,-
BRDA:1141,1141,662,-
BRDA:1141,1141,663,-
BRDA:1144,1144,664,-
BRDA:1144,1144,665,-
BRDA:1153,1153,666,-
BRDA:1153,1153,667,-
BRDA:1155,1155,668,-
BRDA:1155,1155,669,-
BRDA:1164,1164,670,-
BRDA:1164,1164,671,-
BRDA:746,746,672,-
BRDA:746,746,673,-
BRDA:765,765,674,-
BRDA:765,765,675,-
BRDA:769,769,676,-
BRDA:769,769,677,-
BRDA:181,181,678,-
BRDA:181,181,679,-
BRDA:181,181,680,-
BRDA:181,181,681,-
BRDA:184,184,682,-
BRDA:184,184,683,-
BRDA:188,188,684,-
BRDA:188,188,685,-
BRDA:191,191,686,-
BRDA:191,191,687,-
BRDA:194,194,688,-
BRDA:194,194,689,-
BRDA:197,197,690,-
BRDA:197,197,691,-
BRDA:221,221,692,-
BRDA:221,221,693,-
BRDA:222,222,694,-
BRDA:222,222,695,-
BRDA:224,224,696,-
BRDA:224,224,697,-
BRDA:226,226,698,-
BRDA:226,226,699,-
BRDA:229,229,700,-
BRDA:229,229,701,-
BRDA:231,231,702,-
BRDA:231,231,703,-
BRDA:232,232,704,-
BRDA:232,232,705,-
BRDA:245,245,706,-
BRDA:245,245,707,-
BRDA:245,245,708,-
BRDA:245,245,709,-
BRDA:245,245,710,-
BRDA:245,245,711,-
BRDA:245,245,712,-
BRDA:245,245,713,-
BRDA:1526,1526,714,-
BRDA:1526,1526,715,-
BRDA:1530,1530,716,-
BRDA:1530,1530,717,-
BRDA:1539,1539,718,-
BRDA:1539,1539,719,-
BRDA:1543,1543,720,-
BRDA:1543,1543,721,-
BRDA:1543,1543,722,-
BRDA:1543,1543,723,-
BRDA:1553,1553,724,-
BRDA:1553,1553,725,-
BRDA:1555,1555,726,-
BRDA:1555,1555,727,-
BRDA:1563,1563,728,-
BRDA:1563,1563,729,-
BRDA:1571,1571,730,-
BRDA:1571,1571,731,-
BRDA:1571,1571,732,-
BRDA:1571,1571,733,-
BRDA:1571,1571,734,-
BRDA:1571,1571,735,-
BRDA:1571,1571,736,-
BRDA:1571,1571,737,-
BRDA:782,782,738,-
BRDA:782,782,739,-
BRF:481
BRH:1
DA:81,7
DA:82,7
DA:83,7
DA:84,7
DA:90,7
DA:91,7
DA:92,7
DA:93,7
DA:94,7
DA:96,7
DA:98,28
DA:99,7
DA:100,7
DA:101,7
DA:103,14
DA:104,0
DA:105,0
DA:106,0
DA:107,0
DA:108,0
DA:109,0
DA:110,0
DA:111,0
DA:112,0
DA:113,0
DA:114,0
DA:115,0
DA:116,0
DA:117,0
DA:118,0
DA:119,0
DA:120,0
DA:121,0
DA:122,0
DA:123,0
DA:124,0
DA:125,0
DA:126,0
DA:128,0
DA:129,0
DA:130,0
DA:131,0
DA:132,0
DA:133,0
DA:134,0
DA:136,0
DA:137,0
DA:143,7
DA:144,7
DA:146,0
DA:149,0
DA:150,0
DA:152,0
DA:153,0
DA:155,0
DA:156,0
DA:158,0
DA:159,0
DA:161,0
DA:162,0
DA:164,0
DA:165,0
DA:167,0
DA:168,0
DA:170,0
DA:175,0
DA:176,0
DA:177,0
DA:178,0
DA:179,0
DA:181,0
DA:182,0
DA:183,0
DA:184,0
DA:185,0
DA:186,0
DA:188,0
DA:189,0
DA:190,0
DA:191,0
DA:192,0
DA:193,0
DA:194,0
DA:195,0
DA:196,0
DA:197,0
DA:198,0
DA:199,0
DA:200,0
DA:201,0
DA:203,0
DA:204,0
DA:205,0
DA:206,0
DA:209,0
DA:214,0
DA:215,0
DA:216,0
DA:217,0
DA:218,0
DA:219,0
DA:220,0
DA:221,0
DA:222,0
DA:223,0
DA:224,0
DA:226,0
DA:227,0
DA:228,0
DA:229,0
DA:230,0
DA:231,0
DA:232,0
DA:233,0
DA:234,0
DA:235,0
DA:236,0
DA:237,0
DA:238,0
DA:239,0
DA:240,0
DA:241,0
DA:242,0
DA:243,0
DA:244,0
DA:245,0
DA:246,0
DA:247,0
DA:248,0
DA:249,0
DA:250,0
DA:251,0
DA:252,0
DA:253,0
DA:254,0
DA:255,0
DA:256,0
DA:257,0
DA:258,0
DA:259,0
DA:260,0
DA:265,0
DA:266,0
DA:267,0
DA:268,0
DA:269,0
DA:272,0
DA:273,0
DA:274,0
DA:275,0
DA:276,0
DA:278,0
DA:280,0
DA:281,0
DA:282,0
DA:283,0
DA:284,0
DA:285,0
DA:286,0
DA:287,0
DA:288,0
DA:289,0
DA:290,0
DA:291,0
DA:292,0
DA:293,0
DA:294,0
DA:295,0
DA:296,0
DA:297,0
DA:298,0
DA:299,0
DA:301,0
DA:302,0
DA:303,0
DA:304,0
DA:306,0
DA:307,0
DA:308,0
DA:309,0
DA:311,0
DA:312,0
DA:313,0
DA:314,0
DA:315,0
DA:316,0
DA:318,0
DA:319,0
DA:320,0
DA:321,0
DA:322,0
DA:323,0
DA:325,0
DA:326,0
DA:327,0
DA:328,0
DA:329,0
DA:330,0
DA:332,0
DA:333,0
DA:334,0
DA:335,0
DA:336,0
DA:337,0
DA:339,0
DA:342,0
DA:343,0
DA:344,0
DA:345,0
DA:346,0
DA:364,0
DA:365,0
DA:366,0
DA:367,0
DA:368,0
DA:369,0
DA:372,0
DA:373,0
DA:374,0
DA:375,0
DA:376,0
DA:377,0
DA:378,0
DA:379,0
DA:380,0
DA:381,0
DA:382,0
DA:383,0
DA:384,0
DA:385,0
DA:386,0
DA:387,0
DA:388,0
DA:389,0
DA:390,0
DA:391,0
DA:392,0
DA:393,0
DA:395,0
DA:396,0
DA:397,0
DA:398,0
DA:400,0
DA:401,0
DA:402,0
DA:403,0
DA:404,0
DA:405,0
DA:406,0
DA:408,0
DA:409,0
DA:410,0
DA:411,0
DA:412,0
DA:413,0
DA:414,0
DA:415,0
DA:416,0
DA:417,0
DA:418,0
DA:419,0
DA:424,0
DA:425,0
DA:426,0
DA:427,0
DA:428,0
DA:429,0
DA:430,0
DA:431,0
DA:432,0
DA:433,0
DA:434,0
DA:435,0
DA:436,0
DA:437,0
DA:438,0
DA:439,0
DA:440,0
DA:441,0
DA:442,0
DA:443,0
DA:444,0
DA:445,0
DA:446,0
DA:447,0
DA:448,0
DA:449,0
DA:450,0
DA:451,0
DA:454,0
DA:455,0
DA:456,0
DA:457,0
DA:458,0
DA:460,0
DA:461,0
DA:462,0
DA:463,0
DA:464,0
DA:465,0
DA:466,0
DA:467,0
DA:468,0
DA:469,0
DA:470,0
DA:472,0
DA:473,0
DA:474,0
DA:482,0
DA:483,0
DA:484,0
DA:485,0
DA:487,0
DA:488,0
DA:489,0
DA:491,0
DA:492,0
DA:493,0
DA:495,0
DA:496,0
DA:497,0
DA:498,0
DA:499,0
DA:500,0
DA:501,0
DA:503,0
DA:504,0
DA:505,0
DA:506,0
DA:507,0
DA:509,0
DA:510,0
DA:511,0
DA:512,0
DA:513,0
DA:514,0
DA:515,0
DA:516,0
DA:517,0
DA:518,0
DA:519,0
DA:520,0
DA:522,0
DA:523,0
DA:524,0
DA:525,0
DA:526,0
DA:527,0
DA:528,0
DA:530,0
DA:531,0
DA:534,0
DA:535,0
DA:536,0
DA:537,0
DA:538,0
DA:539,0
DA:540,0
DA:541,0
DA:542,0
DA:543,0
DA:552,0
DA:553,0
DA:554,0
DA:556,0
DA:560,0
DA:561,0
DA:563,0
DA:564,0
DA:566,0
DA:567,0
DA:568,0
DA:569,0
DA:572,0
DA:573,0
DA:574,0
DA:575,0
DA:576,0
DA:577,0
DA:578,0
DA:580,0
DA:581,0
DA:587,0
DA:588,0
DA:589,0
DA:590,0
DA:591,0
DA:594,0
DA:595,0
DA:596,0
DA:597,0
DA:598,0
DA:599,0
DA:600,0
DA:602,0
DA:603,0
DA:604,0
DA:605,0
DA:609,0
DA:610,0
DA:611,0
DA:612,0
DA:613,0
DA:614,0
DA:616,0
DA:617,0
DA:619,0
DA:620,0
DA:623,0
DA:624,0
DA:625,0
DA:626,0
DA:630,0
DA:631,0
DA:634,0
DA:637,0
DA:638,0
DA:639,0
DA:640,0
DA:642,0
DA:645,0
DA:646,0
DA:648,0
DA:651,0
DA:652,0
DA:654,0
DA:655,0
DA:658,0
DA:659,0
DA:662,0
DA:663,0
DA:666,0
DA:667,0
DA:669,0
DA:670,0
DA:710,0
DA:711,0
DA:712,0
DA:713,0
DA:714,0
DA:719,0
DA:720,0
DA:721,0
DA:722,0
DA:723,0
DA:724,0
DA:725,0
DA:726,0
DA:729,0
DA:730,0
DA:731,0
DA:739,0
DA:740,0
DA:741,0
DA:744,0
DA:745,0
DA:746,0
DA:748,0
DA:749,0
DA:752,0
DA:753,0
DA:754,0
DA:755,0
DA:756,0
DA:757,0
DA:758,0
DA:759,0
DA:762,0
DA:765,0
DA:766,0
DA:769,0
DA:770,0
DA:773,0
DA:774,0
DA:775,0
DA:776,0
DA:779,0
DA:780,0
DA:781,0
DA:782,0
DA:783,0
DA:786,0
DA:787,0
DA:788,0
DA:789,0
DA:790,0
DA:791,0
DA:792,0
DA:793,0
DA:794,0
DA:795,0
DA:796,0
DA:797,0
DA:798,0
DA:799,0
DA:800,0
DA:801,0
DA:802,0
DA:803,0
DA:804,0
DA:805,0
DA:806,0
DA:807,0
DA:808,0
DA:809,0
DA:810,0
DA:811,0
DA:812,0
DA:813,0
DA:814,0
DA:815,0
DA:816,0
DA:817,0
DA:818,0
DA:819,0
DA:820,0
DA:821,0
DA:822,0
DA:823,0
DA:824,0
DA:825,0
DA:826,0
DA:827,0
DA:828,0
DA:829,0
DA:830,0
DA:831,0
DA:832,0
DA:833,0
DA:834,0
DA:835,0
DA:836,0
DA:837,0
DA:840,0
DA:841,0
DA:842,0
DA:843,0
DA:844,0
DA:845,0
DA:847,0
DA:848,0
DA:849,0
DA:851,0
DA:852,0
DA:853,0
DA:854,0
DA:855,0
DA:856,0
DA:857,0
DA:858,0
DA:860,0
DA:861,0
DA:862,0
DA:863,0
DA:864,0
DA:865,0
DA:866,0
DA:867,0
DA:868,0
DA:869,0
DA:870,0
DA:871,0
DA:872,0
DA:873,0
DA:874,0
DA:875,0
DA:876,0
DA:877,0
DA:880,0
DA:881,0
DA:882,0
DA:883,0
DA:884,0
DA:885,0
DA:886,0
DA:887,0
DA:888,0
DA:889,0
DA:890,0
DA:892,0
DA:893,0
DA:894,0
DA:895,0
DA:898,0
DA:899,0
DA:900,0
DA:901,0
DA:903,0
DA:904,0
DA:905,0
DA:906,0
DA:907,0
DA:908,0
DA:909,0
DA:910,0
DA:911,0
DA:912,0
DA:913,0
DA:914,0
DA:915,0
DA:916,0
DA:917,0
DA:918,0
DA:919,0
DA:920,0
DA:923,0
DA:924,0
DA:925,0
DA:926,0
DA:928,0
DA:929,0
DA:931,0
DA:932,0
DA:933,0
DA:934,0
DA:935,0
DA:936,0
DA:937,0
DA:938,0
DA:939,0
DA:940,0
DA:941,0
DA:942,0
DA:943,0
DA:944,0
DA:945,0
DA:946,0
DA:947,0
DA:948,0
DA:949,0
DA:952,0
DA:953,0
DA:954,0
DA:956,0
DA:957,0
DA:958,0
DA:959,0
DA:960,0
DA:961,0
DA:962,0
DA:963,0
DA:964,0
DA:965,0
DA:967,0
DA:968,0
DA:969,0
DA:970,0
DA:971,0
DA:972,0
DA:973,0
DA:974,0
DA:975,0
DA:976,0
DA:978,0
DA:979,0
DA:980,0
DA:981,0
DA:982,0
DA:983,0
DA:984,0
DA:985,0
DA:986,0
DA:987,0
DA:988,0
DA:989,0
DA:990,0
DA:991,0
DA:992,0
DA:993,0
DA:994,0
DA:1001,0
DA:1002,0
DA:1003,0
DA:1005,0
DA:1006,0
DA:1007,0
DA:1009,0
DA:1010,0
DA:1011,0
DA:1012,0
DA:1013,0
DA:1015,0
DA:1016,0
DA:1017,0
DA:1018,0
DA:1019,0
DA:1020,0
DA:1022,0
DA:1023,0
DA:1024,0
DA:1026,0
DA:1027,0
DA:1028,0
DA:1029,0
DA:1030,0
DA:1031,0
DA:1032,0
DA:1033,0
DA:1034,0
DA:1035,0
DA:1036,0
DA:1037,0
DA:1038,0
DA:1039,0
DA:1040,0
DA:1041,0
DA:1042,0
DA:1043,0
DA:1044,0
DA:1052,0
DA:1053,0
DA:1054,0
DA:1056,0
DA:1059,0
DA:1060,0
DA:1061,0
DA:1063,0
DA:1064,0
DA:1065,0
DA:1066,0
DA:1067,0
DA:1068,0
DA:1069,0
DA:1070,0
DA:1071,0
DA:1074,0
DA:1075,0
DA:1076,0
DA:1077,0
DA:1078,0
DA:1079,0
DA:1082,0
DA:1083,0
DA:1084,0
DA:1086,0
DA:1087,0
DA:1088,0
DA:1089,0
DA:1090,0
DA:1091,0
DA:1094,0
DA:1097,0
DA:1098,0
DA:1099,0
DA:1100,0
DA:1101,0
DA:1102,0
DA:1103,0
DA:1105,0
DA:1106,0
DA:1107,0
DA:1108,0
DA:1109,0
DA:1110,0
DA:1111,0
DA:1112,0
DA:1113,0
DA:1114,0
DA:1115,0
DA:1116,0
DA:1117,0
DA:1120,0
DA:1122,0
DA:1123,0
DA:1124,0
DA:1125,0
DA:1126,0
DA:1127,0
DA:1129,0
DA:1130,0
DA:1131,0
DA:1132,0
DA:1135,0
DA:1136,0
DA:1138,0
DA:1141,0
DA:1142,0
DA:1144,0
DA:1145,0
DA:1146,0
DA:1147,0
DA:1149,0
DA:1150,0
DA:1151,0
DA:1153,0
DA:1154,0
DA:1155,0
DA:1156,0
DA:1157,0
DA:1158,0
DA:1159,0
DA:1160,0
DA:1161,0
DA:1164,0
DA:1165,0
DA:1166,0
DA:1168,0
DA:1169,0
DA:1170,0
DA:1171,0
DA:1172,0
DA:1173,0
DA:1174,0
DA:1175,0
DA:1176,0
DA:1177,0
DA:1178,0
DA:1179,0
DA:1180,0
DA:1181,0
DA:1184,0
DA:1185,0
DA:1186,0
DA:1187,0
DA:1188,0
DA:1189,0
DA:1190,0
DA:1192,0
DA:1193,0
DA:1194,0
DA:1195,0
DA:1196,0
DA:1197,0
DA:1198,0
DA:1199,0
DA:1200,0
DA:1201,0
DA:1202,0
DA:1203,0
DA:1204,0
DA:1205,0
DA:1206,0
DA:1207,0
DA:1208,0
DA:1209,0
DA:1210,0
DA:1211,0
DA:1212,0
DA:1213,0
DA:1214,0
DA:1215,0
DA:1216,0
DA:1217,0
DA:1218,0
DA:1219,0
DA:1220,0
DA:1221,0
DA:1222,0
DA:1223,0
DA:1224,0
DA:1225,0
DA:1226,0
DA:1227,0
DA:1228,0
DA:1229,0
DA:1230,0
DA:1231,0
DA:1232,0
DA:1233,0
DA:1234,0
DA:1235,0
DA:1236,0
DA:1237,0
DA:1238,0
DA:1239,0
DA:1240,0
DA:1241,0
DA:1242,0
DA:1243,0
DA:1244,0
DA:1245,0
DA:1246,0
DA:1247,0
DA:1248,0
DA:1249,0
DA:1250,0
DA:1251,0
DA:1252,0
DA:1253,0
DA:1254,0
DA:1255,0
DA:1256,0
DA:1257,0
DA:1258,0
DA:1259,0
DA:1260,0
DA:1261,0
DA:1262,0
DA:1263,0
DA:1264,0
DA:1265,0
DA:1266,0
DA:1267,0
DA:1268,0
DA:1269,0
DA:1270,0
DA:1271,0
DA:1272,0
DA:1273,0
DA:1274,0
DA:1275,0
DA:1276,0
DA:1277,0
DA:1278,0
DA:1279,0
DA:1280,0
DA:1281,0
DA:1282,0
DA:1283,0
DA:1284,0
DA:1285,0
DA:1286,0
DA:1287,0
DA:1288,0
DA:1289,0
DA:1292,0
DA:1293,0
DA:1294,0
DA:1295,0
DA:1296,0
DA:1297,0
DA:1298,0
DA:1299,0
DA:1300,0
DA:1301,0
DA:1302,0
DA:1303,0
DA:1304,0
DA:1305,0
DA:1306,0
DA:1314,0
DA:1315,0
DA:1316,0
DA:1317,0
DA:1318,0
DA:1319,0
DA:1321,0
DA:1322,0
DA:1323,0
DA:1324,0
DA:1326,0
DA:1327,0
DA:1328,0
DA:1329,0
DA:1330,0
DA:1331,0
DA:1333,0
DA:1334,0
DA:1335,0
DA:1336,0
DA:1338,0
DA:1339,0
DA:1341,0
DA:1342,0
DA:1343,0
DA:1344,0
DA:1347,0
DA:1348,0
DA:1349,0
DA:1350,0
DA:1351,0
DA:1352,0
DA:1354,0
DA:1355,0
DA:1356,0
DA:1357,0
DA:1358,0
DA:1359,0
DA:1360,0
DA:1361,0
DA:1362,0
DA:1364,0
DA:1365,0
DA:1366,0
DA:1369,0
DA:1370,0
DA:1371,0
DA:1372,0
DA:1373,0
DA:1374,0
DA:1375,0
DA:1377,0
DA:1378,0
DA:1379,0
DA:1380,0
DA:1381,0
DA:1382,0
DA:1383,0
DA:1385,0
DA:1386,0
DA:1387,0
DA:1388,0
DA:1389,0
DA:1391,0
DA:1392,0
DA:1393,0
DA:1394,0
DA:1395,0
DA:1396,0
DA:1397,0
DA:1398,0
DA:1400,0
DA:1401,0
DA:1402,0
DA:1403,0
DA:1404,0
DA:1406,0
DA:1407,0
DA:1408,0
DA:1409,0
DA:1410,0
DA:1411,0
DA:1412,0
DA:1413,0
DA:1414,0
DA:1417,0
DA:1418,0
DA:1419,0
DA:1420,0
DA:1423,0
DA:1424,0
DA:1425,0
DA:1426,0
DA:1427,0
DA:1428,0
DA:1429,0
DA:1430,0
DA:1433,0
DA:1434,0
DA:1436,0
DA:1437,0
DA:1438,0
DA:1439,0
DA:1440,0
DA:1441,0
DA:1442,0
DA:1443,0
DA:1445,0
DA:1446,0
DA:1447,0
DA:1448,0
DA:1449,0
DA:1451,0
DA:1452,0
DA:1453,0
DA:1455,0
DA:1456,0
DA:1457,0
DA:1458,0
DA:1459,0
DA:1461,0
DA:1462,0
DA:1463,0
DA:1464,0
DA:1465,0
DA:1466,0
DA:1467,0
DA:1469,0
DA:1470,0
DA:1471,0
DA:1472,0
DA:1473,0
DA:1475,0
DA:1476,0
DA:1477,0
DA:1478,0
DA:1480,0
DA:1481,0
DA:1483,0
DA:1484,0
DA:1491,0
DA:1492,0
DA:1493,0
DA:1494,0
DA:1496,0
DA:1497,0
DA:1498,0
DA:1499,0
DA:1500,0
DA:1501,0
DA:1502,0
DA:1503,0
DA:1504,0
DA:1506,0
DA:1507,0
DA:1508,0
DA:1509,0
DA:1511,0
DA:1512,0
DA:1514,0
DA:1515,0
DA:1523,0
DA:1524,0
DA:1526,0
DA:1527,0
DA:1528,0
DA:1529,0
DA:1530,0
DA:1531,0
DA:1532,0
DA:1533,0
DA:1534,0
DA:1535,0
DA:1536,0
DA:1537,0
DA:1539,0
DA:1540,0
DA:1541,0
DA:1543,0
DA:1544,0
DA:1545,0
DA:1546,0
DA:1547,0
DA:1548,0
DA:1550,0
DA:1551,0
DA:1553,0
DA:1554,0
DA:1555,0
DA:1556,0
DA:1557,0
DA:1558,0
DA:1559,0
DA:1560,0
DA:1562,0
DA:1563,0
DA:1564,0
DA:1565,0
DA:1566,0
DA:1567,0
DA:1568,0
DA:1569,0
DA:1570,0
DA:1571,0
DA:1572,0
DA:1573,0
DA:1574,0
DA:1575,0
DA:1576,0
DA:1577,0
DA:1578,0
DA:1579,0
DA:1580,0
DA:1581,0
DA:1582,0
DA:1583,0
DA:1585,0
DA:1586,0
DA:1589,0
DA:1590,0
DA:1591,0
DA:1592,0
DA:1593,0
DA:1594,0
DA:1595,0
DA:1596,0
DA:1597,0
DA:1598,0
DA:1600,0
DA:1601,0
DA:1602,0
DA:1603,0
DA:1615,0
DA:1616,0
DA:1617,0
DA:1618,0
DA:1619,0
DA:1620,0
DA:1621,0
LH:17
LF:1169
end_of_record
SF:E:/git/novalist-official/Novalist.Core/Services/ExtensionGalleryService.cs
FN:108,CreateHttpClient()
FN:116,ApplyAuth(System.Net.Http.HttpRequestMessage)
FN:125,ThrowOnRateLimit(System.Net.Http.HttpResponseMessage)
FN:380,UninstallExtensionAsync(System.String,System.Threading.CancellationToken)
FN:437,ReadStoreMeta(System.String)
FN:457,ClearCache()
FN:513,GetExtensionsDirectory()
FN:516,IsNewer(System.String,System.String)
FN:532,IsWithinMaxVersion(System.String)
FN:543,StripPreRelease(System.String)
FN:549,ParseVersionParts(System.String)
FN:90,.ctor(System.Net.Http.HttpClient,System.String,System.String)
FN:78,.cctor()
FN:391,CheckForUpdatesAsync()
FN:257,DownloadExtensionZipAsync()
FN:150,FetchGalleryIndexAsync()
FN:235,FetchReadmeAsync()
FN:171,FetchReleasesAsync()
FN:220,GetLatestCompatibleReleaseAsync()
FN:299,InstallExtensionAsync()
FN:466,IsReleaseCompatibleAsync()
FNDA:0,CreateHttpClient()
FNDA:0,ApplyAuth(System.Net.Http.HttpRequestMessage)
FNDA:0,ThrowOnRateLimit(System.Net.Http.HttpResponseMessage)
FNDA:0,UninstallExtensionAsync(System.String,System.Threading.CancellationToken)
FNDA:0,ReadStoreMeta(System.String)
FNDA:0,ClearCache()
FNDA:0,GetExtensionsDirectory()
FNDA:0,IsNewer(System.String,System.String)
FNDA:0,IsWithinMaxVersion(System.String)
FNDA:0,StripPreRelease(System.String)
FNDA:0,ParseVersionParts(System.String)
FNDA:0,.ctor(System.Net.Http.HttpClient,System.String,System.String)
FNDA:0,.cctor()
FNDA:0,CheckForUpdatesAsync()
FNDA:0,DownloadExtensionZipAsync()
FNDA:0,FetchGalleryIndexAsync()
FNDA:0,FetchReadmeAsync()
FNDA:0,FetchReleasesAsync()
FNDA:0,GetLatestCompatibleReleaseAsync()
FNDA:0,InstallExtensionAsync()
FNDA:0,IsReleaseCompatibleAsync()
FNF:21
FNH:0
BRDA:117,117,740,-
BRDA:117,117,741,-
BRDA:126,126,742,-
BRDA:126,126,743,-
BRDA:126,126,744,-
BRDA:126,126,745,-
BRDA:126,126,746,-
BRDA:126,126,747,-
BRDA:128,128,748,-
BRDA:128,128,749,-
BRDA:131,131,750,-
BRDA:131,131,751,-
BRDA:131,131,752,-
BRDA:131,131,753,-
BRDA:133,133,754,-
BRDA:133,133,755,-
BRDA:136,136,756,-
BRDA:136,136,757,-
BRDA:382,382,758,-
BRDA:382,382,759,-
BRDA:439,439,760,-
BRDA:439,439,761,-
BRDA:520,520,762,-
BRDA:520,520,763,-
BRDA:522,522,764,-
BRDA:522,522,765,-
BRDA:523,523,766,-
BRDA:523,523,767,-
BRDA:524,524,768,-
BRDA:524,524,769,-
BRDA:525,525,770,-
BRDA:525,525,771,-
BRDA:536,536,772,-
BRDA:536,536,773,-
BRDA:536,536,774,-
BRDA:536,536,775,-
BRDA:545,545,776,-
BRDA:545,545,777,-
BRDA:553,553,778,-
BRDA:553,553,779,-
BRDA:100,100,780,-
BRDA:100,100,781,-
BRDA:101,101,782,-
BRDA:101,101,783,-
BRDA:103,103,784,-
BRDA:103,103,785,-
BRDA:396,396,786,-
BRDA:396,396,787,-
BRDA:399,399,788,-
BRDA:399,399,789,-
BRDA:404,404,790,-
BRDA:404,404,791,-
BRDA:404,404,792,-
BRDA:404,404,793,-
BRDA:410,410,794,-
BRDA:410,410,795,-
BRDA:413,413,796,-
BRDA:413,413,797,-
BRDA:264,264,798,-
BRDA:264,264,799,-
BRDA:264,264,800,-
BRDA:264,264,801,-
BRDA:266,266,802,-
BRDA:266,266,803,-
BRDA:270,270,804,-
BRDA:270,270,805,-
BRDA:277,277,806,-
BRDA:277,277,807,-
BRDA:278,278,808,-
BRDA:278,278,809,-
BRDA:284,284,810,-
BRDA:284,284,811,-
BRDA:288,288,812,-
BRDA:288,288,813,-
BRDA:289,289,814,-
BRDA:289,289,815,-
BRDA:292,292,816,-
BRDA:292,292,817,-
BRDA:293,293,818,-
BRDA:293,293,819,-
BRDA:293,293,820,-
BRDA:293,293,821,-
BRDA:151,151,822,-
BRDA:151,151,823,-
BRDA:161,161,824,-
BRDA:161,161,825,-
BRDA:236,236,826,-
BRDA:236,236,827,-
BRDA:246,246,828,-
BRDA:246,246,829,-
BRDA:172,172,830,-
BRDA:172,172,831,-
BRDA:183,183,832,-
BRDA:183,183,833,-
BRDA:189,189,834,-
BRDA:189,189,835,-
BRDA:191,191,836,-
BRDA:191,191,837,-
BRDA:191,191,838,-
BRDA:191,191,839,-
BRDA:194,194,840,-
BRDA:194,194,841,-
BRDA:194,194,842,-
BRDA:194,194,843,-
BRDA:197,197,844,-
BRDA:197,197,845,-
BRDA:197,197,846,-
BRDA:197,197,847,-
BRDA:200,200,848,-
BRDA:200,200,849,-
BRDA:200,200,850,-
BRDA:200,200,851,-
BRDA:200,200,852,-
BRDA:200,200,853,-
BRDA:223,223,854,-
BRDA:223,223,855,-
BRDA:225,225,856,-
BRDA:225,225,857,-
BRDA:305,305,858,-
BRDA:305,305,859,-
BRDA:324,324,860,-
BRDA:324,324,861,-
BRDA:327,327,862,-
BRDA:327,327,863,-
BRDA:333,333,864,-
BRDA:333,333,865,-
BRDA:338,338,866,-
BRDA:338,338,867,-
BRDA:347,347,868,-
BRDA:347,347,869,-
BRDA:355,355,870,-
BRDA:355,355,871,-
BRDA:355,355,872,-
BRDA:355,355,873,-
BRDA:358,358,874,-
BRDA:358,358,875,-
BRDA:478,478,876,-
BRDA:478,478,877,-
BRDA:483,483,878,-
BRDA:483,483,879,-
BRDA:490,490,880,-
BRDA:490,490,881,-
BRDA:492,492,882,-
BRDA:492,492,883,-
BRDA:497,497,884,-
BRDA:497,497,885,-
BRDA:499,499,886,-
BRDA:499,499,887,-
BRF:148
BRH:0
DA:78,0
DA:79,0
DA:80,0
DA:81,0
DA:82,0
DA:90,0
DA:91,0
DA:99,0
DA:100,0
DA:101,0
DA:102,0
DA:103,0
DA:104,0
DA:105,0
DA:108,0
DA:109,0
DA:110,0
DA:111,0
DA:112,0
DA:113,0
DA:116,0
DA:117,0
DA:118,0
DA:119,0
DA:125,0
DA:126,0
DA:127,0
DA:128,0
DA:129,0
DA:131,0
DA:132,0
DA:133,0
DA:134,0
DA:135,0
DA:136,0
DA:137,0
DA:138,0
DA:139,0
DA:140,0
DA:141,0
DA:142,0
DA:144,0
DA:145,0
DA:150,0
DA:151,0
DA:152,0
DA:154,0
DA:155,0
DA:157,0
DA:158,0
DA:159,0
DA:161,0
DA:162,0
DA:164,0
DA:165,0
DA:166,0
DA:171,0
DA:172,0
DA:173,0
DA:175,0
DA:176,0
DA:177,0
DA:179,0
DA:180,0
DA:181,0
DA:183,0
DA:184,0
DA:186,0
DA:187,0
DA:189,0
DA:190,0
DA:191,0
DA:192,0
DA:194,0
DA:195,0
DA:197,0
DA:198,0
DA:200,0
DA:201,0
DA:202,0
DA:203,0
DA:204,0
DA:205,0
DA:206,0
DA:207,0
DA:208,0
DA:209,0
DA:210,0
DA:213,0
DA:215,0
DA:216,0
DA:217,0
DA:220,0
DA:221,0
DA:223,0
DA:224,0
DA:225,0
DA:226,0
DA:227,0
DA:229,0
DA:230,0
DA:235,0
DA:236,0
DA:237,0
DA:239,0
DA:240,0
DA:241,0
DA:242,0
DA:244,0
DA:245,0
DA:246,0
DA:247,0
DA:249,0
DA:250,0
DA:251,0
DA:252,0
DA:257,0
DA:258,0
DA:260,0
DA:261,0
DA:264,0
DA:265,0
DA:266,0
DA:267,0
DA:270,0
DA:271,0
DA:273,0
DA:274,0
DA:275,0
DA:277,0
DA:278,0
DA:279,0
DA:281,0
DA:282,0
DA:284,0
DA:285,0
DA:286,0
DA:287,0
DA:288,0
DA:289,0
DA:290,0
DA:292,0
DA:293,0
DA:294,0
DA:299,0
DA:300,0
DA:301,0
DA:305,0
DA:306,0
DA:308,0
DA:309,0
DA:310,0
DA:311,0
DA:312,0
DA:314,0
DA:315,0
DA:317,0
DA:322,0
DA:323,0
DA:324,0
DA:325,0
DA:327,0
DA:328,0
DA:330,0
DA:333,0
DA:334,0
DA:337,0
DA:338,0
DA:339,0
DA:341,0
DA:342,0
DA:343,0
DA:346,0
DA:347,0
DA:348,0
DA:349,0
DA:350,0
DA:353,0
DA:354,0
DA:355,0
DA:356,0
DA:357,0
DA:358,0
DA:359,0
DA:363,0
DA:364,0
DA:365,0
DA:366,0
DA:367,0
DA:368,0
DA:369,0
DA:370,0
DA:371,0
DA:374,0
DA:375,0
DA:380,0
DA:381,0
DA:382,0
DA:383,0
DA:385,0
DA:386,0
DA:391,0
DA:392,0
DA:393,0
DA:394,0
DA:396,0
DA:397,0
DA:399,0
DA:400,0
DA:401,0
DA:403,0
DA:404,0
DA:405,0
DA:408,0
DA:409,0
DA:410,0
DA:411,0
DA:413,0
DA:414,0
DA:415,0
DA:416,0
DA:417,0
DA:418,0
DA:419,0
DA:420,0
DA:421,0
DA:422,0
DA:423,0
DA:424,0
DA:425,0
DA:426,0
DA:428,0
DA:429,0
DA:431,0
DA:432,0
DA:437,0
DA:438,0
DA:439,0
DA:440,0
DA:443,0
DA:444,0
DA:445,0
DA:447,0
DA:448,0
DA:449,0
DA:451,0
DA:457,0
DA:458,0
DA:459,0
DA:460,0
DA:461,0
DA:466,0
DA:469,0
DA:470,0
DA:473,0
DA:474,0
DA:475,0
DA:477,0
DA:478,0
DA:479,0
DA:481,0
DA:482,0
DA:483,0
DA:484,0
DA:487,0
DA:490,0
DA:491,0
DA:492,0
DA:493,0
DA:494,0
DA:497,0
DA:498,0
DA:499,0
DA:500,0
DA:501,0
DA:503,0
DA:505,0
DA:506,0
DA:507,0
DA:509,0
DA:513,0
DA:516,0
DA:517,0
DA:518,0
DA:520,0
DA:521,0
DA:522,0
DA:523,0
DA:524,0
DA:525,0
DA:526,0
DA:528,0
DA:529,0
DA:532,0
DA:533,0
DA:534,0
DA:536,0
DA:537,0
DA:539,0
DA:540,0
DA:543,0
DA:544,0
DA:545,0
DA:546,0
DA:549,0
DA:550,0
DA:551,0
DA:552,0
DA:553,0
DA:554,0
DA:555,0
DA:556,0
LH:0
LF:312
end_of_record
SF:E:/git/novalist-official/Novalist.Core/Services/FileService.cs
FN:19,ExistsAsync(System.String)
FN:24,DirectoryExistsAsync(System.String)
FN:29,CreateDirectoryAsync(System.String)
FN:35,GetFilesAsync(System.String,System.String,System.Boolean)
FN:45,GetDirectoriesAsync(System.String)
FN:54,DeleteFileAsync(System.String)
FN:61,DeleteDirectoryAsync(System.String,System.Boolean)
FN:68,MoveFileAsync(System.String,System.String)
FN:76,CombinePath(System.String[])
FN:77,GetFileName(System.String)
FN:78,GetFileNameWithoutExtension(System.String)
FN:79,GetDirectoryName(System.String)
FN:6,ReadTextAsync()
FN:11,WriteTextAsync()
FNDA:8,ExistsAsync(System.String)
FNDA:0,DirectoryExistsAsync(System.String)
FNDA:18,CreateDirectoryAsync(System.String)
FNDA:0,GetFilesAsync(System.String,System.String,System.Boolean)
FNDA:0,GetDirectoriesAsync(System.String)
FNDA:1,DeleteFileAsync(System.String)
FNDA:0,DeleteDirectoryAsync(System.String,System.Boolean)
FNDA:0,MoveFileAsync(System.String,System.String)
FNDA:26,CombinePath(System.String[])
FNDA:0,GetFileName(System.String)
FNDA:0,GetFileNameWithoutExtension(System.String)
FNDA:18,GetDirectoryName(System.String)
FNDA:2,ReadTextAsync()
FNDA:17,WriteTextAsync()
FNF:14
FNH:7
BRDA:36,36,888,-
BRDA:36,36,889,-
BRDA:39,39,890,-
BRDA:39,39,891,-
BRDA:46,46,892,-
BRDA:46,46,893,-
BRDA:55,55,894,1
BRDA:55,55,895,1
BRDA:62,62,896,-
BRDA:62,62,897,-
BRDA:70,70,898,-
BRDA:70,70,899,-
BRDA:70,70,900,-
BRDA:70,70,901,-
BRDA:79,79,902,1
BRDA:79,79,903,-
BRDA:13,13,904,1
BRDA:13,13,905,1
BRDA:13,13,906,-
BRDA:13,13,907,-
BRF:20
BRH:5
DA:6,2
DA:7,2
DA:8,2
DA:11,17
DA:12,17
DA:13,17
DA:14,0
DA:15,17
DA:16,17
DA:19,8
DA:20,8
DA:21,8
DA:24,0
DA:25,0
DA:26,0
DA:29,18
DA:30,18
DA:31,17
DA:32,17
DA:35,0
DA:36,0
DA:37,0
DA:39,0
DA:40,0
DA:41,0
DA:42,0
DA:45,0
DA:46,0
DA:47,0
DA:49,0
DA:50,0
DA:51,0
DA:54,1
DA:55,1
DA:56,1
DA:57,1
DA:58,1
DA:61,0
DA:62,0
DA:63,0
DA:64,0
DA:65,0
DA:68,0
DA:69,0
DA:70,0
DA:71,0
DA:72,0
DA:73,0
DA:74,0
DA:76,26
DA:77,0
DA:78,0
DA:79,18
LH:22
LF:53
end_of_record
SF:E:/git/novalist-official/Novalist.Core/Services/FindReplaceService.cs
FN:120,BuildRegex(Novalist.Core.Models.FindOptions)
FN:130,ReplaceWithCount(System.Text.RegularExpressions.Regex,System.String,System.String)
FN:137,StripHtml(System.String)
FN:144,CountWords(System.String)
FN:152,SnippetBefore(System.String,System.Int32)
FN:159,SnippetAfter(System.String,System.Int32)
FN:11,.ctor(Novalist.Core.Services.IProjectService)
FN:82,EnumerateScopedScenes()
FN:16,FindAsync()
FN:50,ReplaceAllAsync()
FNDA:0,BuildRegex(Novalist.Core.Models.FindOptions)
FNDA:0,ReplaceWithCount(System.Text.RegularExpressions.Regex,System.String,System.String)
FNDA:0,StripHtml(System.String)
FNDA:0,CountWords(System.String)
FNDA:0,SnippetBefore(System.String,System.Int32)
FNDA:0,SnippetAfter(System.String,System.Int32)
FNDA:1,.ctor(Novalist.Core.Services.IProjectService)
FNDA:0,EnumerateScopedScenes()
FNDA:0,FindAsync()
FNDA:0,ReplaceAllAsync()
FNF:10
FNH:1
BRDA:121,121,908,-
BRDA:121,121,909,-
BRDA:122,122,910,-
BRDA:122,122,911,-
BRDA:125,125,912,-
BRDA:125,125,913,-
BRDA:138,138,914,-
BRDA:138,138,915,-
BRDA:145,145,916,-
BRDA:145,145,917,-
BRDA:153,153,918,-
BRDA:153,153,919,-
BRDA:160,160,920,-
BRDA:160,160,921,-
BRDA:84,84,922,-
BRDA:84,84,923,-
BRDA:84,84,924,-
BRDA:84,84,925,-
BRDA:84,84,926,-
BRDA:88,88,927,-
BRDA:88,88,928,-
BRDA:88,88,929,-
BRDA:88,88,930,-
BRDA:91,91,931,-
BRDA:91,91,932,-
BRDA:94,94,933,-
BRDA:94,94,934,-
BRDA:99,99,935,-
BRDA:99,99,936,-
BRDA:101,101,937,-
BRDA:101,101,938,-
BRDA:102,102,939,-
BRDA:102,102,940,-
BRDA:109,109,941,-
BRDA:109,109,942,-
BRDA:111,111,943,-
BRDA:111,111,944,-
BRDA:17,17,945,-
BRDA:17,17,946,-
BRDA:23,23,947,-
BRDA:23,23,948,-
BRDA:29,29,949,-
BRDA:29,29,950,-
BRDA:51,51,951,-
BRDA:51,51,952,-
BRDA:57,57,953,-
BRDA:57,57,954,-
BRDA:65,65,955,-
BRDA:65,65,956,-
BRDA:67,67,957,-
BRDA:67,67,958,-
BRDA:75,75,959,-
BRDA:75,75,960,-
BRF:53
BRH:0
DA:11,1
DA:12,1
DA:13,1
DA:16,0
DA:17,0
DA:18,0
DA:20,0
DA:21,0
DA:23,0
DA:24,0
DA:25,0
DA:27,0
DA:28,0
DA:29,0
DA:30,0
DA:31,0
DA:32,0
DA:33,0
DA:34,0
DA:35,0
DA:36,0
DA:37,0
DA:38,0
DA:39,0
DA:40,0
DA:41,0
DA:42,0
DA:43,0
DA:44,0
DA:46,0
DA:47,0
DA:50,0
DA:51,0
DA:52,0
DA:54,0
DA:55,0
DA:57,0
DA:58,0
DA:59,0
DA:61,0
DA:64,0
DA:65,0
DA:67,0
DA:68,0
DA:70,0
DA:71,0
DA:72,0
DA:73,0
DA:75,0
DA:76,0
DA:78,0
DA:79,0
DA:82,0
DA:83,0
DA:84,0
DA:87,0
DA:88,0
DA:89,0
DA:90,0
DA:91,0
DA:92,0
DA:93,0
DA:94,0
DA:95,0
DA:98,0
DA:99,0
DA:100,0
DA:101,0
DA:102,0
DA:103,0
DA:104,0
DA:108,0
DA:109,0
DA:110,0
DA:111,0
DA:112,0
DA:113,0
DA:114,0
DA:117,0
DA:120,0
DA:121,0
DA:122,0
DA:123,0
DA:124,0
DA:125,0
DA:126,0
DA:127,0
DA:130,0
DA:131,0
DA:132,0
DA:133,0
DA:134,0
DA:137,0
DA:138,0
DA:139,0
DA:140,0
DA:141,0
DA:144,0
DA:145,0
DA:146,0
DA:147,0
DA:152,0
DA:153,0
DA:154,0
DA:155,0
DA:156,0
DA:159,0
DA:160,0
DA:161,0
DA:162,0
DA:163,0
LH:3
LF:111
end_of_record
SF:E:/git/novalist-official/Novalist.Core/Services/ExtensionGalleryService.cs
FN:595,.ctor(System.String)
FNDA:0,.ctor(System.String)
FNF:1
FNH:0
BRF:0
BRH:0
DA:595,0
LH:0
LF:1
end_of_record
SF:E:/git/novalist-official/Novalist.Core/Services/GitService.cs
FN:18,get_IsGitRepo()
FN:19,get_IsGitInstalled()
FN:104,GetFileStatus(System.String)
FN:236,ParseStatusChar(System.Char)
FN:265,RunGitAsync(System.String,System.String[])
FN:11,.ctor(Novalist.Core.Services.IProcessRunner)
FN:251,CheckGitInstalledAsync()
FN:62,CommitAsync()
FN:118,DiscardChangesAsync()
FN:183,GetAheadBehindAsync()
FN:166,GetBranchNameAsync()
FN:200,GetChangedFilesAsync()
FN:39,GetStatusAsync()
FN:177,HasRemoteAsync()
FN:22,InitializeAsync()
FN:95,PullAsync()
FN:86,PushAsync()
FNDA:0,get_IsGitRepo()
FNDA:0,get_IsGitInstalled()
FNDA:0,GetFileStatus(System.String)
FNDA:0,ParseStatusChar(System.Char)
FNDA:0,RunGitAsync(System.String,System.String[])
FNDA:1,.ctor(Novalist.Core.Services.IProcessRunner)
FNDA:0,CheckGitInstalledAsync()
FNDA:0,CommitAsync()
FNDA:0,DiscardChangesAsync()
FNDA:0,GetAheadBehindAsync()
FNDA:0,GetBranchNameAsync()
FNDA:0,GetChangedFilesAsync()
FNDA:0,GetStatusAsync()
FNDA:0,HasRemoteAsync()
FNDA:0,InitializeAsync()
FNDA:0,PullAsync()
FNDA:0,PushAsync()
FNF:17
FNH:1
BRDA:105,105,961,-
BRDA:105,105,962,-
BRDA:105,105,963,-
BRDA:105,105,964,-
BRDA:114,114,965,-
BRDA:114,114,966,-
BRDA:236,236,967,-
BRDA:236,236,968,-
BRDA:236,236,969,-
BRDA:236,236,970,-
BRDA:236,236,971,-
BRDA:236,236,972,-
BRDA:236,236,973,-
BRDA:236,236,974,-
BRDA:236,236,975,-
BRDA:236,236,976,-
BRDA:236,236,977,-
BRDA:236,236,978,-
BRDA:236,236,979,-
BRDA:236,236,980,-
BRDA:236,236,981,-
BRDA:236,236,982,-
BRDA:236,236,983,-
BRDA:236,236,984,-
BRDA:236,236,985,-
BRDA:15,15,986,1
BRDA:15,15,987,1
BRDA:63,63,988,-
BRDA:63,63,989,-
BRDA:67,67,990,-
BRDA:67,67,991,-
BRDA:74,74,992,-
BRDA:74,74,993,-
BRDA:79,79,994,-
BRDA:79,79,995,-
BRDA:119,119,996,-
BRDA:119,119,997,-
BRDA:123,123,998,-
BRDA:123,123,999,-
BRDA:129,129,1000,-
BRDA:129,129,1001,-
BRDA:131,131,1002,-
BRDA:131,131,1003,-
BRDA:131,131,1004,-
BRDA:131,131,1005,-
BRDA:143,143,1006,-
BRDA:143,143,1007,-
BRDA:148,148,1008,-
BRDA:148,148,1009,-
BRDA:153,153,1010,-
BRDA:153,153,1011,-
BRDA:158,158,1012,-
BRDA:158,158,1013,-
BRDA:185,185,1014,-
BRDA:185,185,1015,-
BRDA:189,189,1016,-
BRDA:189,189,1017,-
BRDA:189,189,1018,-
BRDA:189,189,1019,-
BRDA:189,189,1020,-
BRDA:189,189,1021,-
BRDA:168,168,1022,-
BRDA:168,168,1023,-
BRDA:168,168,1024,-
BRDA:168,168,1025,-
BRDA:173,173,1026,-
BRDA:173,173,1027,-
BRDA:202,202,1028,-
BRDA:202,202,1029,-
BRDA:208,208,1030,-
BRDA:208,208,1031,-
BRDA:210,210,1032,-
BRDA:210,210,1033,-
BRDA:218,218,1034,-
BRDA:218,218,1035,-
BRDA:222,222,1036,-
BRDA:222,222,1037,-
BRDA:222,222,1038,-
BRDA:222,222,1039,-
BRDA:40,40,1040,-
BRDA:40,40,1041,-
BRDA:179,179,1042,-
BRDA:179,179,1043,-
BRDA:28,28,1044,-
BRDA:28,28,1045,-
BRDA:32,32,1046,-
BRDA:32,32,1047,-
BRDA:32,32,1048,-
BRDA:32,32,1049,-
BRDA:96,96,1050,-
BRDA:96,96,1051,-
BRDA:100,100,1052,-
BRDA:100,100,1053,-
BRDA:87,87,1054,-
BRDA:87,87,1055,-
BRDA:91,91,1056,-
BRDA:91,91,1057,-
BRF:97
BRH:2
DA:11,1
DA:14,1
DA:15,1
DA:16,1
DA:18,0
DA:19,0
DA:22,0
DA:23,0
DA:24,0
DA:25,0
DA:27,0
DA:28,0
DA:29,0
DA:31,0
DA:32,0
DA:33,0
DA:34,0
DA:35,0
DA:36,0
DA:39,0
DA:40,0
DA:41,0
DA:43,0
DA:44,0
DA:45,0
DA:46,0
DA:48,0
DA:50,0
DA:52,0
DA:53,0
DA:54,0
DA:55,0
DA:56,0
DA:57,0
DA:58,0
DA:59,0
DA:62,0
DA:63,0
DA:64,0
DA:66,0
DA:67,0
DA:68,0
DA:71,0
DA:72,0
DA:73,0
DA:74,0
DA:75,0
DA:78,0
DA:79,0
DA:80,0
DA:82,0
DA:83,0
DA:86,0
DA:87,0
DA:88,0
DA:90,0
DA:91,0
DA:92,0
DA:95,0
DA:96,0
DA:97,0
DA:99,0
DA:100,0
DA:101,0
DA:104,0
DA:105,0
DA:106,0
DA:109,0
DA:110,0
DA:113,0
DA:114,0
DA:115,0
DA:118,0
DA:119,0
DA:120,0
DA:122,0
DA:123,0
DA:124,0
DA:127,0
DA:128,0
DA:129,0
DA:130,0
DA:131,0
DA:132,0
DA:133,0
DA:134,0
DA:135,0
DA:137,0
DA:138,0
DA:139,0
DA:140,0
DA:143,0
DA:144,0
DA:145,0
DA:146,0
DA:147,0
DA:148,0
DA:149,0
DA:150,0
DA:153,0
DA:154,0
DA:155,0
DA:156,0
DA:157,0
DA:158,0
DA:159,0
DA:160,0
DA:162,0
DA:163,0
DA:166,0
DA:167,0
DA:168,0
DA:169,0
DA:172,0
DA:173,0
DA:174,0
DA:177,0
DA:178,0
DA:179,0
DA:180,0
DA:183,0
DA:184,0
DA:185,0
DA:186,0
DA:188,0
DA:189,0
DA:190,0
DA:191,0
DA:192,0
DA:193,0
DA:196,0
DA:197,0
DA:200,0
DA:201,0
DA:202,0
DA:203,0
DA:205,0
DA:206,0
DA:208,0
DA:209,0
DA:210,0
DA:211,0
DA:213,0
DA:214,0
DA:215,0
DA:218,0
DA:219,0
DA:222,0
DA:223,0
DA:225,0
DA:226,0
DA:228,0
DA:229,0
DA:230,0
DA:231,0
DA:233,0
DA:234,0
DA:236,0
DA:237,0
DA:238,0
DA:239,0
DA:240,0
DA:241,0
DA:242,0
DA:243,0
DA:244,0
DA:245,0
DA:246,0
DA:247,0
DA:248,0
DA:251,0
DA:253,0
DA:254,0
DA:255,0
DA:257,0
DA:258,0
DA:259,0
DA:261,0
DA:265,0
LH:4
LF:179
end_of_record
SF:E:/git/novalist-official/Novalist.Core/Services/GrammarCheckService.cs
FN:26,get_ApiUrl()
FN:27,set_ApiUrl(System.String)
FN:69,ParseResponse(System.String)
FN:140,MapLanguageCode(System.String)
FN:15,.ctor(System.Net.Http.HttpClient)
FN:12,.cctor()
FN:40,CheckAsync()
FNDA:0,get_ApiUrl()
FNDA:0,set_ApiUrl(System.String)
FNDA:0,ParseResponse(System.String)
FNDA:0,MapLanguageCode(System.String)
FNDA:0,.ctor(System.Net.Http.HttpClient)
FNDA:0,.cctor()
FNDA:0,CheckAsync()
FNF:7
FNH:0
BRDA:27,27,1058,-
BRDA:27,27,1059,-
BRDA:77,77,1060,-
BRDA:77,77,1061,-
BRDA:80,80,1062,-
BRDA:80,80,1063,-
BRDA:82,82,1064,-
BRDA:82,82,1065,-
BRDA:87,87,1066,-
BRDA:87,87,1067,-
BRDA:87,87,1068,-
BRDA:87,87,1069,-
BRDA:87,87,1070,-
BRDA:87,87,1071,-
BRDA:91,91,1072,-
BRDA:91,91,1073,-
BRDA:94,94,1074,-
BRDA:94,94,1075,-
BRDA:94,94,1076,-
BRDA:94,94,1077,-
BRDA:94,94,1078,-
BRDA:94,94,1079,-
BRDA:94,94,1080,-
BRDA:94,94,1081,-
BRDA:94,94,1082,-
BRDA:94,94,1083,-
BRDA:102,102,1084,-
BRDA:102,102,1085,-
BRDA:104,104,1086,-
BRDA:104,104,1087,-
BRDA:106,106,1088,-
BRDA:106,106,1089,-
BRDA:109,109,1090,-
BRDA:109,109,1091,-
BRDA:112,112,1092,-
BRDA:112,112,1093,-
BRDA:141,141,1094,-
BRDA:141,141,1095,-
BRDA:141,141,1096,-
BRDA:141,141,1097,-
BRDA:141,141,1098,-
BRDA:141,141,1099,-
BRDA:141,141,1100,-
BRDA:141,141,1101,-
BRDA:141,141,1102,-
BRDA:141,141,1103,-
BRDA:141,141,1104,-
BRDA:141,141,1105,-
BRDA:141,141,1106,-
BRDA:141,141,1107,-
BRDA:141,141,1108,-
BRDA:141,141,1109,-
BRDA:141,141,1110,-
BRDA:141,141,1111,-
BRDA:141,141,1112,-
BRDA:141,141,1113,-
BRDA:141,141,1114,-
BRDA:141,141,1115,-
BRDA:141,141,1116,-
BRDA:141,141,1117,-
BRDA:141,141,1118,-
BRDA:141,141,1119,-
BRDA:141,141,1120,-
BRDA:141,141,1121,-
BRDA:141,141,1122,-
BRDA:141,141,1123,-
BRDA:141,141,1124,-
BRDA:141,141,1125,-
BRDA:141,141,1126,-
BRDA:141,141,1127,-
BRDA:141,141,1128,-
BRDA:141,141,1129,-
BRDA:141,141,1130,-
BRDA:141,141,1131,-
BRDA:141,141,1132,-
BRDA:141,141,1133,-
BRDA:141,141,1134,-
BRDA:141,141,1135,-
BRDA:141,141,1136,-
BRDA:141,141,1137,-
BRDA:141,141,1138,-
BRDA:141,141,1139,-
BRDA:141,141,1140,-
BRDA:141,141,1141,-
BRDA:141,141,1142,-
BRDA:141,141,1143,-
BRDA:141,141,1144,-
BRDA:141,141,1145,-
BRDA:141,141,1146,-
BRDA:141,141,1147,-
BRDA:141,141,1148,-
BRDA:141,141,1149,-
BRDA:141,141,1150,-
BRDA:141,141,1151,-
BRDA:141,141,1152,-
BRDA:141,141,1153,-
BRDA:141,141,1154,-
BRDA:141,141,1155,-
BRDA:141,141,1156,-
BRDA:141,141,1157,-
BRDA:141,141,1158,-
BRDA:141,141,1159,-
BRDA:18,18,1160,-
BRDA:18,18,1161,-
BRDA:41,41,1162,-
BRDA:41,41,1163,-
BRDA:61,61,1164,-
BRDA:61,61,1165,-
BRF:108
BRH:0
DA:12,0
DA:15,0
DA:18,0
DA:26,0
DA:27,0
DA:28,0
DA:29,0
DA:40,0
DA:41,0
DA:42,0
DA:44,0
DA:45,0
DA:46,0
DA:47,0
DA:48,0
DA:49,0
DA:53,0
DA:54,0
DA:55,0
DA:56,0
DA:57,0
DA:58,0
DA:61,0
DA:62,0
DA:64,0
DA:65,0
DA:66,0
DA:69,0
DA:70,0
DA:73,0
DA:74,0
DA:75,0
DA:77,0
DA:78,0
DA:80,0
DA:81,0
DA:82,0
DA:83,0
DA:84,0
DA:86,0
DA:87,0
DA:88,0
DA:89,0
DA:90,0
DA:91,0
DA:92,0
DA:94,0
DA:95,0
DA:96,0
DA:97,0
DA:98,0
DA:99,0
DA:101,0
DA:102,0
DA:103,0
DA:104,0
DA:105,0
DA:106,0
DA:107,0
DA:108,0
DA:109,0
DA:110,0
DA:111,0
DA:112,0
DA:113,0
DA:114,0
DA:115,0
DA:116,0
DA:118,0
DA:119,0
DA:120,0
DA:121,0
DA:122,0
DA:123,0
DA:124,0
DA:125,0
DA:126,0
DA:127,0
DA:128,0
DA:129,0
DA:131,0
DA:133,0
DA:134,0
DA:140,0
DA:141,0
DA:142,0
DA:143,0
DA:144,0
DA:145,0
DA:146,0
DA:147,0
DA:148,0
DA:149,0
DA:150,0
DA:151,0
DA:152,0
DA:153,0
DA:154,0
DA:155,0
DA:156,0
DA:157,0
LH:0
LF:101
end_of_record
SF:E:/git/novalist-official/Novalist.Core/Services/InWorldCalendarService.cs
FN:14,Parse(System.String,Novalist.Core.Models.InWorldCalendar)
FN:46,DiffDays(System.String,System.String,Novalist.Core.Models.InWorldCalendar)
FN:54,AddDays(System.String,System.Int64,Novalist.Core.Models.InWorldCalendar)
FN:83,DurationLabel(Novalist.Core.Models.StoryDateRange,Novalist.Core.Models.InWorldCalendar)
FNDA:0,Parse(System.String,Novalist.Core.Models.InWorldCalendar)
FNDA:0,DiffDays(System.String,System.String,Novalist.Core.Models.InWorldCalendar)
FNDA:0,AddDays(System.String,System.Int64,Novalist.Core.Models.InWorldCalendar)
FNDA:0,DurationLabel(Novalist.Core.Models.StoryDateRange,Novalist.Core.Models.InWorldCalendar)
FNF:4
FNH:0
BRDA:15,15,1166,-
BRDA:15,15,1167,-
BRDA:16,16,1168,-
BRDA:16,16,1169,-
BRDA:18,18,1170,-
BRDA:18,18,1171,-
BRDA:20,20,1172,-
BRDA:20,20,1173,-
BRDA:20,20,1174,-
BRDA:20,20,1175,-
BRDA:24,24,1176,-
BRDA:24,24,1177,-
BRDA:30,30,1178,-
BRDA:30,30,1179,-
BRDA:35,35,1180,-
BRDA:35,35,1181,-
BRDA:36,36,1182,-
BRDA:36,36,1183,-
BRDA:36,36,1184,-
BRDA:36,36,1185,-
BRDA:37,37,1186,-
BRDA:37,37,1187,-
BRDA:37,37,1188,-
BRDA:37,37,1189,-
BRDA:40,40,1190,-
BRDA:40,40,1191,-
BRDA:49,49,1192,-
BRDA:49,49,1193,-
BRDA:49,49,1194,-
BRDA:49,49,1195,-
BRDA:50,50,1196,-
BRDA:50,50,1197,-
BRDA:55,55,1198,-
BRDA:55,55,1199,-
BRDA:56,56,1200,-
BRDA:56,56,1201,-
BRDA:58,58,1202,-
BRDA:58,58,1203,-
BRDA:64,64,1204,-
BRDA:64,64,1205,-
BRDA:64,64,1206,-
BRDA:64,64,1207,-
BRDA:65,65,1208,-
BRDA:65,65,1209,-
BRDA:69,69,1210,-
BRDA:69,69,1211,-
BRDA:72,72,1212,-
BRDA:72,72,1213,-
BRDA:74,74,1214,-
BRDA:74,74,1215,-
BRDA:84,84,1216,-
BRDA:84,84,1217,-
BRDA:84,84,1218,-
BRDA:84,84,1219,-
BRDA:85,85,1220,-
BRDA:85,85,1221,-
BRDA:85,85,1222,-
BRDA:85,85,1223,-
BRDA:89,89,1224,-
BRDA:89,89,1225,-
BRDA:91,91,1226,-
BRDA:91,91,1227,-
BRDA:92,92,1228,-
BRDA:92,92,1229,-
BRDA:93,93,1230,-
BRDA:93,93,1231,-
BRDA:94,94,1232,-
BRDA:94,94,1233,-
BRDA:95,95,1234,-
BRDA:95,95,1235,-
BRF:70
BRH:0
DA:14,0
DA:15,0
DA:16,0
DA:18,0
DA:19,0
DA:20,0
DA:21,0
DA:22,0
DA:23,0
DA:24,0
DA:25,0
DA:29,0
DA:30,0
DA:31,0
DA:32,0
DA:33,0
DA:35,0
DA:36,0
DA:37,0
DA:39,0
DA:40,0
DA:41,0
DA:42,0
DA:43,0
DA:46,0
DA:47,0
DA:48,0
DA:49,0
DA:50,0
DA:51,0
DA:54,0
DA:55,0
DA:56,0
DA:57,0
DA:58,0
DA:59,0
DA:60,0
DA:63,0
DA:64,0
DA:65,0
DA:67,0
DA:68,0
DA:69,0
DA:71,0
DA:72,0
DA:73,0
DA:74,0
DA:75,0
DA:76,0
DA:77,0
DA:78,0
DA:79,0
DA:80,0
DA:83,0
DA:84,0
DA:85,0
DA:86,0
DA:88,0
DA:89,0
DA:90,0
DA:91,0
DA:92,0
DA:93,0
DA:94,0
DA:95,0
DA:96,0
DA:97,0
LH:0
LF:67
end_of_record
SF:E:/git/novalist-official/Novalist.Core/Services/LinuxDependencyService.cs
FN:49,Detect()
FN:57,IsWebKitInstalled()
FN:73,IsPkexecAvailable()
FN:127,ReadOsReleaseFrom(System.String)
FN:140,DetectDistro()
FN:146,ParseOsRelease(System.String)
FN:176,TrimQuotes(System.String)
FN:183,GetInstallInfo(Novalist.Core.Services.LinuxDistro)
FN:33,.cctor()
FN:86,InstallAsync()
FNDA:0,Detect()
FNDA:0,IsWebKitInstalled()
FNDA:0,IsPkexecAvailable()
FNDA:0,ReadOsReleaseFrom(System.String)
FNDA:0,DetectDistro()
FNDA:0,ParseOsRelease(System.String)
FNDA:0,TrimQuotes(System.String)
FNDA:0,GetInstallInfo(Novalist.Core.Services.LinuxDistro)
FNDA:0,.cctor()
FNDA:0,InstallAsync()
FNF:10
FNH:0
BRDA:64,64,1236,-
BRDA:64,64,1237,-
BRDA:74,74,1238,-
BRDA:74,74,1239,-
BRDA:76,76,1240,-
BRDA:76,76,1241,-
BRDA:142,142,1242,-
BRDA:142,142,1243,-
BRDA:148,148,1244,-
BRDA:148,148,1245,-
BRDA:151,151,1246,-
BRDA:151,151,1247,-
BRDA:153,153,1248,-
BRDA:153,153,1249,-
BRDA:155,155,1250,-
BRDA:155,155,1251,-
BRDA:160,160,1252,-
BRDA:160,160,1253,-
BRDA:160,160,1254,-
BRDA:160,160,1255,-
BRDA:160,160,1256,-
BRDA:160,160,1257,-
BRDA:160,160,1258,-
BRDA:160,160,1259,-
BRDA:162,162,1260,-
BRDA:162,162,1261,-
BRDA:162,162,1262,-
BRDA:162,162,1263,-
BRDA:162,162,1264,-
BRDA:162,162,1265,-
BRDA:162,162,1266,-
BRDA:162,162,1267,-
BRDA:164,164,1268,-
BRDA:164,164,1269,-
BRDA:164,164,1270,-
BRDA:164,164,1271,-
BRDA:164,164,1272,-
BRDA:164,164,1273,-
BRDA:164,164,1274,-
BRDA:164,164,1275,-
BRDA:166,166,1276,-
BRDA:166,166,1277,-
BRDA:166,166,1278,-
BRDA:166,166,1279,-
BRDA:168,168,1280,-
BRDA:168,168,1281,-
BRDA:170,170,1282,-
BRDA:170,170,1283,-
BRDA:178,178,1284,-
BRDA:178,178,1285,-
BRDA:178,178,1286,-
BRDA:178,178,1287,-
BRDA:178,178,1288,-
BRDA:178,178,1289,-
BRDA:178,178,1290,-
BRDA:178,178,1291,-
BRDA:183,183,1292,-
BRDA:183,183,1293,-
BRDA:183,183,1294,-
BRDA:183,183,1295,-
BRDA:183,183,1296,-
BRDA:183,183,1297,-
BRDA:183,183,1298,-
BRDA:46,46,1299,-
BRDA:46,46,1300,-
BRDA:87,87,1301,-
BRDA:87,87,1302,-
BRDA:110,110,1303,-
BRDA:110,110,1304,-
BRDA:111,111,1305,-
BRDA:111,111,1306,-
BRDA:113,113,1307,-
BRDA:113,113,1308,-
BRDA:117,117,1309,-
BRDA:117,117,1310,-
BRDA:117,117,1311,-
BRDA:117,117,1312,-
BRF:77
BRH:0
DA:33,0
DA:34,0
DA:35,0
DA:36,0
DA:37,0
DA:38,0
DA:39,0
DA:42,0
DA:43,0
DA:44,0
DA:46,0
DA:49,0
DA:50,0
DA:51,0
DA:52,0
DA:53,0
DA:54,0
DA:57,0
DA:62,0
DA:63,0
DA:64,0
DA:65,0
DA:66,0
DA:67,0
DA:69,0
DA:70,0
DA:73,0
DA:74,0
DA:75,0
DA:76,0
DA:77,0
DA:78,0
DA:79,0
DA:80,0
DA:86,0
DA:87,0
DA:88,0
DA:93,0
DA:94,0
DA:95,0
DA:96,0
DA:98,0
DA:99,0
DA:100,0
DA:101,0
DA:103,0
DA:104,0
DA:105,0
DA:106,0
DA:107,0
DA:110,0
DA:111,0
DA:113,0
DA:114,0
DA:117,0
DA:118,0
DA:119,0
DA:120,0
DA:121,0
DA:122,0
DA:123,0
DA:124,0
DA:127,0
DA:129,0
DA:130,0
DA:132,0
DA:133,0
DA:135,0
DA:137,0
DA:140,0
DA:141,0
DA:142,0
DA:143,0
DA:146,0
DA:147,0
DA:148,0
DA:149,0
DA:150,0
DA:151,0
DA:152,0
DA:153,0
DA:154,0
DA:155,0
DA:156,0
DA:157,0
DA:159,0
DA:160,0
DA:161,0
DA:162,0
DA:163,0
DA:164,0
DA:165,0
DA:166,0
DA:167,0
DA:168,0
DA:169,0
DA:170,0
DA:171,0
DA:172,0
DA:173,0
DA:176,0
DA:177,0
DA:178,0
DA:179,0
DA:180,0
DA:181,0
DA:183,0
DA:184,0
DA:185,0
DA:186,0
DA:187,0
DA:188,0
DA:189,0
DA:190,0
DA:191,0
DA:192,0
DA:193,0
DA:194,0
DA:195,0
DA:196,0
DA:197,0
DA:198,0
DA:199,0
DA:200,0
DA:201,0
DA:202,0
DA:203,0
DA:204,0
LH:0
LF:128
end_of_record
SF:E:/git/novalist-official/Novalist.Core/Services/MapService.cs
FN:20,GetMapsRoot()
FN:73,DeserializeWithMigration(System.String)
FN:14,.ctor(Novalist.Core.Services.IProjectService,Novalist.Core.Services.IFileService)
FN:11,.cctor()
FN:27,CreateMapAsync()
FN:135,DeleteMapAsync()
FN:56,LoadMapAsync()
FN:148,RenameMapAsync()
FN:126,SaveMapAsync()
FNDA:0,GetMapsRoot()
FNDA:0,DeserializeWithMigration(System.String)
FNDA:1,.ctor(Novalist.Core.Services.IProjectService,Novalist.Core.Services.IFileService)
FNDA:0,.cctor()
FNDA:0,CreateMapAsync()
FNDA:0,DeleteMapAsync()
FNDA:0,LoadMapAsync()
FNDA:0,RenameMapAsync()
FNDA:0,SaveMapAsync()
FNF:9
FNH:1
BRDA:21,21,1313,-
BRDA:21,21,1314,-
BRDA:21,21,1315,-
BRDA:21,21,1316,-
BRDA:74,74,1317,-
BRDA:74,74,1318,-
BRDA:75,75,1319,-
BRDA:75,75,1320,-
BRDA:78,78,1321,-
BRDA:78,78,1322,-
BRDA:78,78,1323,-
BRDA:78,78,1324,-
BRDA:82,82,1325,-
BRDA:82,82,1326,-
BRDA:82,82,1327,-
BRDA:82,82,1328,-
BRDA:85,85,1329,-
BRDA:85,85,1330,-
BRDA:87,87,1331,-
BRDA:87,87,1332,-
BRDA:88,88,1333,-
BRDA:88,88,1334,-
BRDA:88,88,1335,-
BRDA:88,88,1336,-
BRDA:88,88,1337,-
BRDA:88,88,1338,-
BRDA:88,88,1339,-
BRDA:88,88,1340,-
BRDA:88,88,1341,-
BRDA:88,88,1342,-
BRDA:99,99,1343,-
BRDA:99,99,1344,-
BRDA:100,100,1345,-
BRDA:100,100,1346,-
BRDA:103,103,1347,-
BRDA:103,103,1348,-
BRDA:105,105,1349,-
BRDA:105,105,1350,-
BRDA:107,107,1351,-
BRDA:107,107,1352,-
BRDA:110,110,1353,-
BRDA:110,110,1354,-
BRDA:111,111,1355,-
BRDA:111,111,1356,-
BRDA:28,28,1357,-
BRDA:28,28,1358,-
BRDA:137,137,1359,-
BRDA:137,137,1360,-
BRDA:139,139,1361,-
BRDA:139,139,1362,-
BRDA:141,141,1363,-
BRDA:141,141,1364,-
BRDA:58,58,1365,-
BRDA:58,58,1366,-
BRDA:60,60,1367,-
BRDA:60,60,1368,-
BRDA:62,62,1369,-
BRDA:62,62,1370,-
BRDA:150,150,1371,-
BRDA:150,150,1372,-
BRDA:152,152,1373,-
BRDA:152,152,1374,-
BRDA:155,155,1375,-
BRDA:155,155,1376,-
BRDA:129,129,1377,-
BRDA:129,129,1378,-
BRF:66
BRH:0
DA:11,0
DA:14,1
DA:15,1
DA:16,1
DA:17,1
DA:20,0
DA:21,0
DA:22,0
DA:23,0
DA:24,0
DA:27,0
DA:28,0
DA:29,0
DA:31,0
DA:32,0
DA:33,0
DA:34,0
DA:35,0
DA:36,0
DA:37,0
DA:38,0
DA:40,0
DA:41,0
DA:42,0
DA:44,0
DA:45,0
DA:46,0
DA:47,0
DA:48,0
DA:49,0
DA:50,0
DA:51,0
DA:52,0
DA:53,0
DA:56,0
DA:57,0
DA:58,0
DA:59,0
DA:60,0
DA:61,0
DA:62,0
DA:63,0
DA:64,0
DA:65,0
DA:73,0
DA:74,0
DA:75,0
DA:78,0
DA:79,0
DA:82,0
DA:83,0
DA:84,0
DA:85,0
DA:86,0
DA:87,0
DA:88,0
DA:89,0
DA:90,0
DA:91,0
DA:92,0
DA:93,0
DA:94,0
DA:95,0
DA:96,0
DA:97,0
DA:98,0
DA:99,0
DA:100,0
DA:102,0
DA:103,0
DA:104,0
DA:105,0
DA:106,0
DA:107,0
DA:109,0
DA:110,0
DA:111,0
DA:112,0
DA:113,0
DA:114,0
DA:115,0
DA:116,0
DA:117,0
DA:118,0
DA:119,0
DA:120,0
DA:121,0
DA:122,0
DA:123,0
DA:126,0
DA:127,0
DA:128,0
DA:129,0
DA:130,0
DA:131,0
DA:132,0
DA:135,0
DA:136,0
DA:137,0
DA:138,0
DA:139,0
DA:140,0
DA:141,0
DA:142,0
DA:143,0
DA:144,0
DA:145,0
DA:148,0
DA:149,0
DA:150,0
DA:151,0
DA:152,0
DA:153,0
DA:154,0
DA:155,0
DA:156,0
DA:157,0
DA:158,0
DA:159,0
DA:160,0
DA:161,0
LH:4
LF:121
end_of_record
SF:E:/git/novalist-official/Novalist.Core/Services/PlotlineService.cs
FN:15,EnsureList()
FN:18,GetPlotlines()
FN:103,IsSceneInPlotline(Novalist.Core.Models.SceneData,System.String)
FN:10,.ctor(Novalist.Core.Services.IProjectService)
FN:26,CreateAsync()
FN:49,DeleteAsync()
FN:71,ReorderAsync()
FN:82,ToggleSceneAsync()
FN:40,UpdateAsync()
FNDA:0,EnsureList()
FNDA:0,GetPlotlines()
FNDA:0,IsSceneInPlotline(Novalist.Core.Models.SceneData,System.String)
FNDA:1,.ctor(Novalist.Core.Services.IProjectService)
FNDA:0,CreateAsync()
FNDA:0,DeleteAsync()
FNDA:0,ReorderAsync()
FNDA:0,ToggleSceneAsync()
FNDA:0,UpdateAsync()
FNF:9
FNH:1
BRDA:15,15,1379,-
BRDA:15,15,1380,-
BRDA:15,15,1381,-
BRDA:15,15,1382,-
BRDA:19,19,1383,-
BRDA:19,19,1384,-
BRDA:20,20,1385,-
BRDA:20,20,1386,-
BRDA:103,103,1387,-
BRDA:103,103,1388,-
BRDA:54,54,1389,-
BRDA:54,54,1390,-
BRDA:56,56,1391,-
BRDA:56,56,1392,-
BRDA:58,58,1393,-
BRDA:58,58,1394,-
BRDA:61,61,1395,-
BRDA:61,61,1396,-
BRDA:73,73,1397,-
BRDA:73,73,1398,-
BRDA:76,76,1399,-
BRDA:76,76,1400,-
BRDA:84,84,1401,-
BRDA:84,84,1402,-
BRDA:86,86,1403,-
BRDA:86,86,1404,-
BRDA:88,88,1405,-
BRDA:88,88,1406,-
BRDA:89,89,1407,-
BRDA:89,89,1408,-
BRDA:92,92,1409,-
BRDA:92,92,1410,-
BRDA:43,43,1411,-
BRDA:43,43,1412,-
BRF:34
BRH:0
DA:10,1
DA:11,1
DA:12,1
DA:15,0
DA:18,0
DA:19,0
DA:20,0
DA:21,0
DA:22,0
DA:23,0
DA:26,0
DA:27,0
DA:28,0
DA:29,0
DA:30,0
DA:31,0
DA:32,0
DA:33,0
DA:34,0
DA:35,0
DA:36,0
DA:37,0
DA:40,0
DA:41,0
DA:42,0
DA:43,0
DA:44,0
DA:45,0
DA:46,0
DA:49,0
DA:50,0
DA:51,0
DA:54,0
DA:55,0
DA:56,0
DA:57,0
DA:58,0
DA:59,0
DA:60,0
DA:61,0
DA:62,0
DA:63,0
DA:64,0
DA:66,0
DA:67,0
DA:68,0
DA:71,0
DA:72,0
DA:73,0
DA:74,0
DA:75,0
DA:76,0
DA:77,0
DA:78,0
DA:79,0
DA:82,0
DA:83,0
DA:84,0
DA:85,0
DA:86,0
DA:88,0
DA:89,0
DA:90,0
DA:91,0
DA:92,0
DA:93,0
DA:95,0
DA:96,0
DA:97,0
DA:99,0
DA:100,0
DA:103,0
LH:3
LF:72
end_of_record
SF:E:/git/novalist-official/Novalist.Core/Services/PluginImportService.cs
FN:1360,.ctor()
FNDA:0,.ctor()
FNF:1
FNH:0
BRF:0
BRH:0
DA:1360,0
LH:0
LF:1
end_of_record
SF:E:/git/novalist-official/Novalist.Core/Services/PluginImportService.cs
[...]
DA:28,0
DA:31,0
DA:32,0
DA:34,0
DA:37,0
DA:38,0
DA:39,0
DA:44,0
DA:45,0
DA:46,0
DA:48,0
DA:49,0
DA:50,0
DA:51,0
DA:52,0
DA:53,0
DA:54,0
DA:57,0
DA:58,0
DA:59,0
DA:60,0
DA:64,0
DA:65,0
DA:67,0
DA:68,0
DA:69,0
DA:70,0
DA:71,0
DA:72,0
DA:73,0
DA:76,0
DA:77,0
DA:78,0
DA:79,0
DA:83,0
DA:84,0
DA:86,0
DA:87,0
DA:89,0
DA:90,0
DA:91,0
DA:95,0
DA:97,0
DA:99,0
DA:101,0
DA:102,0
DA:103,0
DA:107,0
DA:108,0
DA:109,0
DA:111,0
DA:113,0
DA:114,0
DA:115,0
DA:116,0
DA:117,0
DA:119,0
DA:121,0
DA:122,0
DA:123,0
DA:124,0
DA:126,0
DA:127,0
DA:129,0
DA:130,0
DA:131,0
DA:132,0
DA:133,0
DA:135,0
DA:137,0
DA:138,0
DA:139,0
DA:140,0
DA:146,0
DA:147,0
DA:148,0
DA:149,0
DA:150,0
DA:151,0
DA:153,0
DA:154,0
DA:155,0
DA:156,0
DA:158,0
DA:161,0
DA:162,0
DA:164,0
DA:170,0
DA:171,0
DA:172,0
DA:174,0
DA:176,0
DA:177,0
DA:178,0
DA:179,0
DA:180,0
DA:181,0
DA:182,0
DA:183,0
DA:186,0
DA:187,0
DA:188,0
DA:192,0
DA:193,0
DA:195,0
DA:196,0
DA:200,0
DA:201,0
DA:202,0
DA:203,0
DA:205,0
DA:207,0
DA:208,0
DA:209,0
DA:210,0
DA:213,0
DA:214,0
DA:216,0
DA:218,0
DA:219,0
DA:220,0
DA:221,0
DA:223,0
DA:224,0
DA:225,0
DA:226,0
DA:227,0
DA:228,0
DA:229,0
DA:230,0
DA:231,0
DA:232,0
DA:237,0
DA:238,0
DA:240,0
DA:241,0
DA:243,0
DA:244,0
DA:245,0
DA:246,0
DA:248,0
LH:0
LF:152
end_of_record
SF:E:/git/novalist-official/Novalist.Desktop/Views/WelcomeView.axaml.cs
FN:15,OnRemoveRecentClick(System.Object,Avalonia.Interactivity.RoutedEventArgs)
FN:9,.ctor()
FNDA:0,OnRemoveRecentClick(System.Object,Avalonia.Interactivity.RoutedEventArgs)
FNDA:0,.ctor()
FNF:2
FNH:0
BRDA:16,16,14562,-
BRDA:16,16,14563,-
BRDA:17,17,14564,-
BRDA:17,17,14565,-
BRDA:18,18,14566,-
BRDA:18,18,14567,-
BRF:6
BRH:0
DA:9,0
DA:10,0
DA:11,0
DA:12,0
DA:15,0
DA:16,0
DA:17,0
DA:18,0
DA:19,0
DA:20,0
LH:0
LF:10
end_of_record
SF:E:/git/novalist-official/Novalist.Desktop/WebKitInstallWindow.axaml
FN:1,!XamlIlPopulate(System.IServiceProvider,Novalist.Desktop.WebKitInstallWindow)
FNDA:0,!XamlIlPopulate(System.IServiceProvider,Novalist.Desktop.WebKitInstallWindow)
FNF:1
FNH:0
BRDA:1,1,14568,-
BRDA:1,1,14569,-
BRF:2
BRH:0
DA:1,0
DA:4,0
DA:5,0
DA:7,0
DA:9,0
DA:10,0
DA:12,0
DA:13,0
DA:15,0
DA:17,0
DA:18,0
DA:20,0
DA:21,0
DA:23,0
DA:24,0
DA:31,0
DA:33,0
DA:35,0
DA:36,0
DA:37,0
DA:38,0
DA:40,0
DA:41,0
DA:42,0
DA:44,0
DA:45,0
DA:46,0
DA:48,0
DA:49,0
DA:50,0
DA:52,0
DA:53,0
DA:54,0
DA:56,0
DA:58,0
DA:59,0
DA:61,0
DA:62,0
DA:64,0
DA:65,0
DA:67,0
DA:69,0
DA:70,0
DA:72,0
DA:76,0
DA:78,0
DA:79,0
DA:81,0
DA:84,0
DA:86,0
DA:87,0
DA:88,0
DA:89,0
DA:91,0
DA:92,0
DA:93,0
DA:95,0
DA:96,0
DA:98,0
DA:100,0
DA:102,0
DA:103,0
DA:105,0
DA:106,0
DA:112,0
DA:114,0
DA:116,0
DA:121,0
DA:123,0
DA:124,0
DA:125,0
DA:127,0
DA:129,0
DA:130,0
DA:132,0
DA:133,0
DA:134,0
DA:136,0
DA:138,0
DA:139,0
DA:141,0
DA:142,0
DA:144,0
DA:145,0
LH:0
LF:84
end_of_record
SF:E:/git/novalist-official/Novalist.Desktop/WebKitInstallWindow.axaml.cs
FN:24,get_Outcome()
FN:117,OnQuit(System.Object,Avalonia.Interactivity.RoutedEventArgs)
FN:124,OnRestart(System.Object,Avalonia.Interactivity.RoutedEventArgs)
FN:130,OnClosing(Avalonia.Controls.WindowClosingEventArgs)
FN:26,.ctor()
FN:21,.ctor(Novalist.Core.Services.LinuxDependencyInfo)
FN:106,OnCopyCommand()
FN:49,OnInstall()
FNDA:0,get_Outcome()
FNDA:0,OnQuit(System.Object,Avalonia.Interactivity.RoutedEventArgs)
FNDA:0,OnRestart(System.Object,Avalonia.Interactivity.RoutedEventArgs)
FNDA:0,OnClosing(Avalonia.Controls.WindowClosingEventArgs)
FNDA:0,.ctor()
FNDA:0,.ctor(Novalist.Core.Services.LinuxDependencyInfo)
FNDA:0,OnCopyCommand()
FNDA:0,OnInstall()
FNF:8
FNH:0
BRDA:118,118,14570,-
BRDA:118,118,14571,-
BRDA:35,35,14572,-
BRDA:35,35,14573,-
BRDA:39,39,14574,-
BRDA:39,39,14575,-
BRDA:39,39,14576,-
BRDA:39,39,14577,-
BRDA:43,43,14578,-
BRDA:43,43,14579,-
BRDA:107,107,14580,-
BRDA:107,107,14581,-
BRDA:111,111,14582,-
BRDA:111,111,14583,-
BRDA:112,112,14584,-
BRDA:112,112,14585,-
BRDA:50,50,14586,-
BRDA:50,50,14587,-
BRDA:82,82,14588,-
BRDA:82,82,14589,-
BRDA:82,82,14590,-
BRDA:82,82,14591,-
BRDA:88,88,14592,-
BRDA:88,88,14593,-
BRF:24
BRH:0
DA:21,0
DA:24,0
DA:26,0
DA:28,0
DA:29,0
DA:30,0
DA:31,0
DA:33,0
DA:34,0
DA:35,0
DA:36,0
DA:37,0
DA:39,0
DA:40,0
DA:41,0
DA:42,0
DA:43,0
DA:44,0
DA:45,0
DA:46,0
DA:49,0
DA:50,0
DA:52,0
DA:53,0
DA:54,0
DA:55,0
DA:56,0
DA:58,0
DA:59,0
DA:60,0
DA:61,0
DA:62,0
DA:63,0
DA:64,0
DA:65,0
DA:66,0
DA:70,0
DA:71,0
DA:72,0
DA:73,0
DA:74,0
DA:75,0
DA:76,0
DA:77,0
DA:79,0
DA:80,0
DA:82,0
DA:83,0
DA:84,0
DA:85,0
DA:86,0
DA:87,0
DA:88,0
DA:89,0
DA:93,0
DA:94,0
DA:95,0
DA:97,0
DA:98,0
DA:99,0
DA:100,0
DA:101,0
DA:102,0
DA:103,0
DA:106,0
DA:107,0
DA:108,0
DA:109,0
DA:111,0
DA:112,0
DA:113,0
DA:114,0
DA:117,0
DA:118,0
DA:119,0
DA:120,0
DA:121,0
DA:124,0
DA:125,0
DA:126,0
DA:127,0
DA:130,0
DA:133,0
DA:134,0
DA:135,0
LH:0
LF:85
end_of_record
SF:E:/git/novalist-official/Novalist.Sdk/Hooks/IAiHook.cs
FN:21,OnResponseChunk(System.String)
FNDA:0,OnResponseChunk(System.String)
FNF:1
FNH:0
BRF:0
BRH:0
DA:21,0
LH:0
LF:1
end_of_record
SF:E:/git/novalist-official/Novalist.Sdk/Hooks/IEditorExtension.cs
FN:13,get_Priority()
FNDA:0,get_Priority()
FNF:1
FNH:0
BRF:0
BRH:0
DA:13,0
LH:0
LF:1
end_of_record
SF:E:/git/novalist-official/Novalist.Sdk/Models/HotkeyDescriptor.cs
FN:28,get_EffectiveDisplayName()
FN:37,get_EffectiveCategory()
FNDA:0,get_EffectiveDisplayName()
FNDA:0,get_EffectiveCategory()
FNF:2
FNH:0
BRDA:28,28,14594,-
BRDA:28,28,14595,-
BRDA:28,28,14596,-
BRDA:28,28,14597,-
BRDA:37,37,14598,-
BRDA:37,37,14599,-
BRDA:37,37,14600,-
BRDA:37,37,14601,-
BRF:8
BRH:0
DA:28,0
DA:37,0
LH:0
LF:2
end_of_record
SF:E:/git/novalist-official/Novalist.Sdk/Models/StatusBarItem.cs
FN:18,.ctor()
FNDA:5,.ctor()
FNF:1
FNH:1
BRF:0
BRH:0
DA:18,5
LH:1
LF:1
end_of_record
SF:E:/git/novalist-official/Novalist.Sdk/Models/Wizards/WizardResult.cs
FN:55,get_IsEmpty()
FNDA:16,get_IsEmpty()
FNF:1
FNH:1
BRDA:55,55,14602,1
BRDA:55,55,14603,1
BRDA:55,55,14604,1
BRDA:55,55,14605,1
BRDA:55,55,14606,1
BRDA:55,55,14607,1
BRDA:55,55,14608,1
BRDA:55,55,14609,1
BRDA:55,55,14610,-
BRDA:55,55,14611,-
BRF:10
BRH:8
DA:55,16
DA:56,16
DA:57,16
DA:58,16
LH:4
LF:4
end_of_record
SF:E:/git/novalist-official/Novalist.Sdk/Models/Wizards/WizardResult.cs
FN:23,GetText(System.String)
FN:26,GetNumber(System.String,System.Int32)
FN:29,GetMulti(System.String)
FN:32,GetList(System.String)
FN:14,.ctor()
FNDA:62,GetText(System.String)
FNDA:2,GetNumber(System.String,System.Int32)
FNDA:0,GetMulti(System.String)
FNDA:4,GetList(System.String)
FNDA:57,.ctor()
FNF:5
FNH:4
BRDA:23,23,14612,1
BRDA:23,23,14613,1
BRDA:23,23,14614,1
BRDA:23,23,14615,-
BRDA:26,26,14616,1
BRDA:26,26,14617,1
BRDA:26,26,14618,1
BRDA:26,26,14619,1
BRDA:29,29,14620,-
BRDA:29,29,14621,-
BRDA:29,29,14622,-
BRDA:29,29,14623,-
BRDA:32,32,14624,1
BRDA:32,32,14625,1
BRDA:32,32,14626,1
BRDA:32,32,14627,-
BRF:16
BRH:10
DA:14,57
DA:23,62
DA:26,2
DA:29,0
DA:32,4
LH:4
LF:5
end_of_record
SF:E:/git/novalist-official/Novalist.Sdk.Example/Themes/DarkOceanTheme.axaml
FN:1,/Themes/DarkOceanTheme.axaml(System.IServiceProvider,Avalonia.Controls.ResourceDictionary)
FNDA:0,/Themes/DarkOceanTheme.axaml(System.IServiceProvider,Avalonia.Controls.ResourceDictionary)
FNF:1
FNH:0
BRDA:1,1,14628,-
BRDA:1,1,14629,-
BRDA:1,1,14630,-
BRDA:1,1,14631,-
BRF:4
BRH:0
DA:1,0
DA:5,0
DA:6,0
DA:7,0
DA:8,0
DA:9,0
DA:10,0
DA:11,0
DA:12,0
DA:13,0
DA:14,0
DA:15,0
DA:16,0
DA:17,0
DA:18,0
DA:19,0
DA:20,0
DA:21,0
DA:22,0
DA:23,0
DA:24,0
DA:25,0
DA:26,0
DA:27,0
DA:28,0
DA:29,0
DA:30,0
DA:31,0
DA:32,0
DA:33,0
DA:34,0
DA:35,0
DA:36,0
DA:38,0
DA:39,0
DA:40,0
DA:41,0
DA:42,0
LH:0
LF:38
end_of_record
SF:E:/git/novalist-official/Novalist.Sdk.Example/Themes/SepiaTheme.axaml
FN:1,/Themes/SepiaTheme.axaml(System.IServiceProvider,Avalonia.Controls.ResourceDictionary)
FNDA:0,/Themes/SepiaTheme.axaml(System.IServiceProvider,Avalonia.Controls.ResourceDictionary)
FNF:1
FNH:0
BRDA:1,1,14632,-
BRDA:1,1,14633,-
BRDA:1,1,14634,-
BRDA:1,1,14635,-
BRF:4
BRH:0
DA:1,0
DA:5,0
DA:6,0
DA:7,0
DA:8,0
DA:9,0
DA:10,0
DA:11,0
DA:12,0
DA:13,0
DA:14,0
DA:15,0
DA:16,0
DA:17,0
DA:18,0
DA:19,0
DA:20,0
DA:21,0
DA:22,0
DA:23,0
DA:24,0
DA:25,0
DA:26,0
DA:27,0
DA:28,0
DA:29,0
DA:30,0
DA:31,0
DA:32,0
DA:33,0
DA:34,0
DA:35,0
DA:36,0
DA:38,0
DA:39,0
DA:40,0
DA:41,0
DA:42,0
LH:0
LF:38
end_of_record
SF:E:/git/novalist-official/Novalist.Sdk.Example/Services/PomodoroService.cs
FN:16,get_RemainingMinutes()
FN:17,get_RemainingSeconds()
FN:23,Start()
FN:35,Stop()
FN:43,OnTick(System.Object,System.Timers.ElapsedEventArgs)
FNDA:0,get_RemainingMinutes()
FNDA:0,get_RemainingSeconds()
FNDA:0,Start()
FNDA:2,Stop()
FNDA:0,OnTick(System.Object,System.Timers.ElapsedEventArgs)
FNF:5
FNH:1
BRDA:16,16,14636,-
BRDA:16,16,14637,-
BRDA:17,17,14638,-
BRDA:17,17,14639,-
BRDA:24,24,14640,-
BRDA:24,24,14641,-
BRDA:37,37,14642,1
BRDA:37,37,14643,-
BRDA:38,38,14644,1
BRDA:38,38,14645,-
BRDA:44,44,14646,-
BRDA:44,44,14647,-
BRDA:48,48,14648,-
BRDA:48,48,14649,-
BRDA:52,52,14650,-
BRDA:52,52,14651,-
BRF:16
BRH:2
DA:16,0
DA:17,0
DA:23,0
DA:24,0
DA:26,0
DA:27,0
DA:29,0
DA:30,0
DA:31,0
DA:32,0
DA:35,2
DA:36,2
DA:37,2
DA:38,2
DA:39,2
DA:40,2
DA:43,0
DA:44,0
DA:45,0
DA:46,0
DA:47,0
DA:48,0
DA:49,0
DA:51,0
DA:52,0
DA:53,0
DA:54,0
LH:6
LF:27
end_of_record
SF:E:/git/novalist-official/Novalist.Sdk.Example/ViewModels/ToolkitSettingsViewModel.cs
FN:17,.ctor(Novalist.Sdk.Example.PomodoroService,Novalist.Sdk.Example.WritingPromptService,Novalist.Sdk.Services.IHostServices,Novalist.Sdk.Services.IExtensionLocalization)
FNDA:0,.ctor(Novalist.Sdk.Example.PomodoroService,Novalist.Sdk.Example.WritingPromptService,Novalist.Sdk.Services.IHostServices,Novalist.Sdk.Services.IExtensionLocalization)
FNF:1
FNH:0
BRF:0
BRH:0
DA:17,0
DA:18,0
DA:19,0
DA:20,0
DA:21,0
DA:23,0
DA:24,0
LH:0
LF:7
end_of_record
SF:E:/git/novalist-official/Novalist.Sdk.Example/ViewModels/WordFrequencyViewModel.cs
FN:17,.ctor(Novalist.Sdk.Example.WordFrequencyService,Novalist.Sdk.Services.IHostServices,Novalist.Sdk.Services.IExtensionLocalization)
FN:35,AnalyzeAsync()
FNDA:0,.ctor(Novalist.Sdk.Example.WordFrequencyService,Novalist.Sdk.Services.IHostServices,Novalist.Sdk.Services.IExtensionLocalization)
FNDA:0,AnalyzeAsync()
FNF:2
FNH:0
BRDA:43,43,14652,-
BRDA:43,43,14653,-
BRDA:46,46,14654,-
BRDA:46,46,14655,-
BRF:4
BRH:0
DA:17,0
DA:23,0
DA:25,0
DA:26,0
DA:27,0
DA:28,0
DA:30,0
DA:31,0
DA:35,0
DA:36,0
DA:37,0
DA:40,0
DA:41,0
DA:42,0
DA:43,0
DA:44,0
DA:45,0
DA:46,0
DA:47,0
DA:48,0
DA:49,0
DA:50,0
DA:51,0
DA:53,0
DA:54,0
DA:55,0
DA:56,0
DA:57,0
DA:58,0
DA:59,0
DA:60,0
DA:62,0
DA:63,0
DA:64,0
DA:65,0
LH:0
LF:35
end_of_record
SF:E:/git/novalist-official/Novalist.Sdk.Example/ViewModels/WritingPromptsViewModel.cs
FN:32,OnExternalPromptAdded(System.String)
FN:48,GeneratePrompt()
FN:15,.ctor(Novalist.Sdk.Example.WritingPromptService,Novalist.Sdk.Services.IExtensionLocalization)
FNDA:0,OnExternalPromptAdded(System.String)
FNDA:0,GeneratePrompt()
FNDA:0,.ctor(Novalist.Sdk.Example.WritingPromptService,Novalist.Sdk.Services.IExtensionLocalization)
FNF:3
FNH:0
BRDA:36,36,14656,-
BRDA:36,36,14657,-
BRDA:36,36,14658,-
BRDA:36,36,14659,-
BRDA:41,41,14660,-
BRDA:41,41,14661,-
BRDA:53,53,14662,-
BRDA:53,53,14663,-
BRDA:25,25,14664,-
BRDA:25,25,14665,-
BRF:10
BRH:0
DA:15,0
DA:18,0
DA:20,0
DA:21,0
DA:22,0
DA:24,0
DA:25,0
DA:26,0
DA:28,0
DA:29,0
DA:32,0
DA:33,0
DA:34,0
DA:35,0
DA:36,0
DA:37,0
DA:38,0
DA:39,0
DA:40,0
DA:41,0
DA:42,0
DA:43,0
DA:44,0
DA:48,0
DA:49,0
DA:50,0
DA:51,0
DA:52,0
DA:53,0
DA:54,0
DA:55,0
LH:0
LF:31
end_of_record
SF:E:/git/novalist-official/Novalist.Sdk.Example/Views/ToolkitSettingsView.axaml
FN:1,!XamlIlPopulate(System.IServiceProvider,Novalist.Sdk.Example.Views.ToolkitSettingsView)
FNDA:0,!XamlIlPopulate(System.IServiceProvider,Novalist.Sdk.Example.Views.ToolkitSettingsView)
FNF:1
FNH:0
BRDA:1,1,14666,-
BRDA:1,1,14667,-
BRF:2
BRH:0
DA:1,0
DA:6,0
DA:7,0
DA:8,0
DA:11,0
DA:12,0
DA:13,0
DA:14,0
DA:15,0
DA:17,0
LH:0
LF:10
end_of_record
SF:E:/git/novalist-official/Novalist.Sdk.Example/Views/ToolkitSettingsView.axaml.cs
FN:7,.ctor()
FNDA:0,.ctor()
FNF:1
FNH:0
BRF:0
BRH:0
DA:7,0
DA:8,0
DA:9,0
DA:10,0
LH:0
LF:4
end_of_record
SF:E:/git/novalist-official/Novalist.Sdk.Example/Views/WordFrequencyView.axaml
FN:1,!XamlIlPopulate(System.IServiceProvider,Novalist.Sdk.Example.Views.WordFrequencyView)
FN:32,Build_1(System.IServiceProvider)
FNDA:0,!XamlIlPopulate(System.IServiceProvider,Novalist.Sdk.Example.Views.WordFrequencyView)
FNDA:0,Build_1(System.IServiceProvider)
FNF:2
FNH:0
BRDA:1,1,14668,-
BRDA:1,1,14669,-
BRF:2
BRH:0
DA:1,0
DA:7,0
DA:8,0
DA:9,0
DA:10,0
DA:11,0
DA:12,0
DA:13,0
DA:14,0
DA:16,0
DA:20,0
DA:22,0
DA:23,0
DA:24,0
DA:25,0
DA:27,0
DA:30,0
DA:31,0
DA:32,0
DA:33,0
LH:0
LF:20
end_of_record
SF:E:/git/novalist-official/Novalist.Sdk.Example/Views/WordFrequencyView.axaml.cs
FN:7,.ctor()
FNDA:0,.ctor()
FNF:1
FNH:0
BRF:0
BRH:0
DA:7,0
DA:8,0
DA:9,0
DA:10,0
LH:0
LF:4
end_of_record
SF:E:/git/novalist-official/Novalist.Sdk.Example/Views/WritingPromptsView.axaml
FN:1,!XamlIlPopulate(System.IServiceProvider,Novalist.Sdk.Example.Views.WritingPromptsView)
FN:36,Build_1(System.IServiceProvider)
FNDA:0,!XamlIlPopulate(System.IServiceProvider,Novalist.Sdk.Example.Views.WritingPromptsView)
FNDA:0,Build_1(System.IServiceProvider)
FNF:2
FNH:0
BRDA:1,1,14670,-
BRDA:1,1,14671,-
BRF:2
BRH:0
DA:1,0
DA:7,0
DA:8,0
DA:9,0
DA:11,0
DA:12,0
DA:14,0
DA:16,0
DA:17,0
DA:19,0
DA:21,0
DA:23,0
DA:27,0
DA:28,0
DA:31,0
DA:32,0
DA:34,0
DA:35,0
DA:36,0
DA:38,0
DA:40,0
LH:0
LF:21
end_of_record
SF:E:/git/novalist-official/Novalist.Sdk.Example/Views/WritingPromptsView.axaml.cs
FN:7,.ctor()
FNDA:0,.ctor()
FNF:1
FNH:0
BRF:0
BRH:0
DA:7,0
DA:8,0
DA:9,0
DA:10,0
LH:0
LF:4
end_of_record
SF:E:/git/novalist-official/Novalist.Sdk.Example/Services/WordFrequencyService.cs
FN:14,Clear()
FN:19,MarkDirty()
FN:22,Analyze(System.String)
FN:36,GetCached()
FN:37,get_IsDirty()
FN:10,.ctor()
FNDA:0,Clear()
FNDA:0,MarkDirty()
FNDA:0,Analyze(System.String)
FNDA:0,GetCached()
FNDA:0,get_IsDirty()
FNDA:6,.ctor()
FNF:6
FNH:1
BRF:0
BRH:0
DA:10,6
DA:11,6
DA:14,0
DA:15,0
DA:16,0
DA:17,0
DA:19,0
DA:22,0
DA:23,0
DA:24,0
DA:25,0
DA:26,0
DA:27,0
DA:28,0
DA:29,0
DA:31,0
DA:32,0
DA:33,0
DA:34,0
DA:36,0
DA:37,0
LH:2
LF:21
end_of_record
SF:E:/git/novalist-official/Novalist.Sdk.Example/Services/WritingPromptService.cs
FN:31,GetRandomPrompt()
FN:38,AddToHistory(System.String)
FN:45,get_History()
FN:27,.ctor()
FN:8,.cctor()
FNDA:0,GetRandomPrompt()
FNDA:0,AddToHistory(System.String)
FNDA:0,get_History()
FNDA:6,.ctor()
FNDA:0,.cctor()
FNF:5
FNH:1
BRDA:40,40,14672,-
BRDA:40,40,14673,-
BRDA:42,42,14674,-
BRDA:42,42,14675,-
BRF:4
BRH:0
DA:8,0
DA:9,0
DA:10,0
DA:11,0
DA:12,0
DA:13,0
DA:14,0
DA:15,0
DA:16,0
DA:17,0
DA:18,0
DA:19,0
DA:20,0
DA:21,0
DA:22,0
DA:23,0
DA:24,0
DA:25,0
DA:27,6
DA:28,6
DA:31,0
DA:32,0
DA:33,0
DA:38,0
DA:39,0
DA:40,0
DA:41,0
DA:42,0
DA:43,0
DA:45,0
LH:2
LF:30
end_of_record
SF:E:/git/novalist-official/Novalist.Sdk.Example/WritingToolkitExtension.cs
FN:40,get_Id()
FN:41,get_DisplayName()
FN:42,get_Description()
FN:43,get_Version()
FN:44,get_Author()
FN:47,Initialize(Novalist.Sdk.Services.IHostServices)
FN:55,Shutdown()
FN:62,GetRibbonItems()
FN:120,GetSidebarPanels()
FN:138,get_Name()
FN:139,get_Priority()
FN:142,OnDocumentOpened(Novalist.Sdk.Hooks.EditorDocumentContext)
FN:148,OnDocumentClosing(Novalist.Sdk.Hooks.EditorDocumentContext)
FN:155,OnBuildSystemPrompt(Novalist.Sdk.Models.AiPromptContext)
FN:160,OnResponseChunk(System.String)
FN:165,GetSettingsPages()
FN:185,GetExportFormats()
FN:217,GetThemeOverrides()
FN:233,GetStatusBarItems()
FN:257,GetContextMenuItems()
FN:285,GetContentViews()
FN:304,GetEntityTypes()
FN:331,get_GrammarCheckName()
FN:333,get_IsGrammarCheckEnabled()
FN:336,CheckAsync(System.String,System.String,System.Threading.CancellationToken)
FN:358,GetHotkeyBindings()
FN:372,GetPropertyTypes()
FN:32,.ctor()
FNDA:6,get_Id()
FNDA:0,get_DisplayName()
FNDA:0,get_Description()
FNDA:0,get_Version()
FNDA:0,get_Author()
FNDA:5,Initialize(Novalist.Sdk.Services.IHostServices)
FNDA:2,Shutdown()
FNDA:5,GetRibbonItems()
FNDA:5,GetSidebarPanels()
FNDA:0,get_Name()
FNDA:0,get_Priority()
FNDA:0,OnDocumentOpened(Novalist.Sdk.Hooks.EditorDocumentContext)
FNDA:0,OnDocumentClosing(Novalist.Sdk.Hooks.EditorDocumentContext)
FNDA:0,OnBuildSystemPrompt(Novalist.Sdk.Models.AiPromptContext)
FNDA:0,OnResponseChunk(System.String)
FNDA:5,GetSettingsPages()
FNDA:5,GetExportFormats()
FNDA:5,GetThemeOverrides()
FNDA:5,GetStatusBarItems()
FNDA:5,GetContextMenuItems()
FNDA:5,GetContentViews()
FNDA:5,GetEntityTypes()
FNDA:0,get_GrammarCheckName()
FNDA:0,get_IsGrammarCheckEnabled()
FNDA:0,CheckAsync(System.String,System.String,System.Threading.CancellationToken)
FNDA:5,GetHotkeyBindings()
FNDA:5,GetPropertyTypes()
FNDA:6,.ctor()
FNF:28
FNH:15
BRDA:341,341,14676,-
BRDA:341,341,14677,-
BRF:2
BRH:0
DA:32,6
DA:33,6
DA:34,6
DA:35,6
DA:36,6
DA:40,6
DA:41,0
DA:42,0
DA:43,0
DA:44,0
DA:47,5
DA:48,5
DA:49,5
DA:50,5
DA:51,5
DA:52,5
DA:55,2
DA:56,2
DA:57,2
DA:62,5
DA:63,5
DA:64,5
DA:65,5
DA:66,5
DA:67,5
DA:68,5
DA:69,5
DA:70,5
DA:71,5
DA:72,0
DA:73,5
DA:74,5
DA:75,5
DA:76,5
DA:77,5
DA:78,5
DA:79,5
DA:80,5
DA:81,5
DA:82,5
DA:83,5
DA:84,0
DA:85,0
DA:86,0
DA:87,0
DA:88,0
DA:89,5
DA:90,5
DA:91,5
DA:92,5
DA:93,5
DA:94,5
DA:95,5
DA:96,5
DA:97,5
DA:98,5
DA:99,5
DA:100,0
DA:101,5
DA:102,0
DA:103,0
DA:104,0
DA:105,0
DA:106,0
DA:107,0
DA:108,5
DA:109,0
DA:110,0
DA:111,0
DA:112,0
DA:113,0
DA:114,5
DA:115,5
DA:120,5
DA:121,5
DA:122,5
DA:123,5
DA:124,5
DA:125,5
DA:126,5
DA:127,5
DA:128,5
DA:129,0
DA:130,0
DA:131,0
DA:132,0
DA:133,5
DA:134,5
DA:138,0
DA:139,0
DA:142,0
DA:144,0
DA:145,0
DA:148,0
DA:150,0
DA:155,0
DA:156,0
DA:157,0
DA:158,0
DA:160,0
DA:165,5
DA:166,5
DA:167,5
DA:168,5
DA:169,5
DA:170,5
DA:171,0
DA:172,0
DA:173,0
DA:174,0
DA:175,5
DA:176,0
DA:177,5
DA:178,0
DA:179,5
DA:180,5
DA:185,5
DA:186,5
DA:187,5
DA:188,5
DA:189,5
DA:190,5
DA:191,5
DA:192,5
DA:193,5
DA:194,0
DA:195,0
DA:196,0
DA:197,0
DA:198,0
DA:199,0
DA:200,0
DA:201,0
DA:202,0
DA:203,0
DA:204,0
DA:205,0
DA:206,0
DA:207,0
DA:208,0
DA:209,0
DA:210,0
DA:211,5
DA:212,5
DA:217,5
DA:218,5
DA:219,5
DA:220,5
DA:221,5
DA:222,5
DA:223,5
DA:224,5
DA:225,5
DA:226,5
DA:227,5
DA:228,5
DA:233,5
DA:234,5
DA:235,5
DA:236,5
DA:237,5
DA:238,5
DA:239,0
DA:240,0
DA:241,0
DA:242,0
DA:243,0
DA:244,0
DA:245,5
DA:246,0
DA:247,0
DA:248,0
DA:249,0
DA:250,0
DA:251,5
DA:252,5
DA:257,5
DA:258,5
DA:259,5
DA:260,5
DA:261,5
DA:262,5
DA:263,5
DA:264,0
DA:265,0
DA:266,0
DA:267,0
DA:268,5
DA:269,5
DA:270,5
DA:271,5
DA:272,5
DA:273,5
DA:274,5
DA:275,0
DA:276,0
DA:277,0
DA:278,0
DA:279,5
DA:280,5
DA:285,5
DA:286,5
DA:287,5
DA:288,5
DA:289,5
DA:290,5
DA:291,5
DA:292,0
DA:293,0
DA:294,0
DA:295,0
DA:296,0
DA:297,0
DA:298,5
DA:299,5
DA:304,5
DA:305,5
DA:306,5
DA:307,5
DA:308,5
DA:309,5
DA:310,5
DA:311,5
DA:312,5
DA:313,5
DA:314,5
DA:315,5
DA:316,5
DA:317,5
DA:318,5
DA:319,5
DA:320,5
DA:321,5
DA:322,5
DA:323,5
DA:324,5
DA:325,5
DA:326,5
DA:327,5
DA:331,0
DA:333,0
DA:336,0
DA:339,0
DA:340,0
DA:341,0
DA:342,0
DA:343,0
DA:344,0
DA:345,0
DA:346,0
DA:347,0
DA:348,0
DA:349,0
DA:350,0
DA:351,0
DA:352,0
DA:353,0
DA:358,5
DA:359,5
DA:360,5
DA:361,5
DA:362,5
DA:363,5
DA:364,5
DA:365,0
DA:366,5
DA:367,5
DA:372,5
DA:373,5
DA:374,5
DA:375,5
DA:376,5
DA:377,5
DA:378,5
DA:379,5
LH:170
LF:275
end_of_record
SF:C:/Users/domin/.nuget/packages/microsoft.net.test.sdk/17.11.1/build/netcoreapp3.1/Microsoft.NET.Test.Sdk.Program.cs
FN:4,Main(System.String[])
FNDA:0,Main(System.String[])
FNF:1
FNH:0
BRF:0
BRH:0
DA:4,0
LH:0
LF:1
end_of_record
SF:E:/git/novalist-official/tests/Novalist.TestExtension/ThrowingExtension.cs
FN:13,get_Id()
FN:14,get_DisplayName()
FN:15,get_Description()
FN:16,get_Version()
FN:17,get_Author()
FN:20,Initialize(Novalist.Sdk.Services.IHostServices)
FN:26,Shutdown()
FNDA:0,get_Id()
FNDA:0,get_DisplayName()
FNDA:0,get_Description()
FNDA:0,get_Version()
FNDA:0,get_Author()
FNDA:2,Initialize(Novalist.Sdk.Services.IHostServices)
FNDA:2,Shutdown()
FNF:7
FNH:2
BRDA:21,21,14678,1
BRDA:21,21,14679,1
BRDA:27,27,14680,1
BRDA:27,27,14681,1
BRF:4
BRH:4
DA:13,0
DA:14,0
DA:15,0
DA:16,0
DA:17,0
DA:20,2
DA:21,2
DA:22,1
DA:23,1
DA:26,2
DA:27,2
DA:28,1
DA:29,1
LH:8
LF:13
end_of_record
